[2025-03-26T19:35:42.078Z] [INFO] Login attempt for user: EJQ001
[2025-03-26T19:35:43.159Z] [INFO] User EJQ001 authenticated successfully.
[2025-03-26T19:38:51.452Z] [INFO] Login attempt for user: EJQ001
[2025-03-26T19:38:52.547Z] [INFO] User EJQ001 authenticated successfully.
[2025-03-26T19:39:50.773Z] [INFO] Login attempt for user: EJQ001
[2025-03-26T19:39:51.500Z] [INFO] User EJQ001 authenticated successfully.
[2025-03-26T19:40:40.965Z] [INFO] Login attempt for user: EJQ001
[2025-03-26T19:40:41.843Z] [INFO] User EJQ001 authenticated successfully.
[2025-03-26T19:41:40.320Z] [INFO] Login attempt for user: EJQ001
[2025-03-26T19:41:41.039Z] [INFO] User EJQ001 authenticated successfully.
[2025-03-26T19:42:38.492Z] [INFO] Login attempt for user: EJQ001
[2025-03-26T19:42:39.178Z] [INFO] User EJQ001 authenticated successfully.
[2025-03-26T19:46:06.901Z] [INFO] Login attempt for user: EJQ001
[2025-03-26T19:46:07.630Z] [INFO] User EJQ001 authenticated successfully.
[2025-03-26T20:03:09.182Z] [INFO] Login attempt for user: EJQ001
[2025-03-26T20:03:10.318Z] [INFO] User EJQ001 authenticated successfully.
[2025-03-26T20:03:19.859Z] [INFO] User logged out
[2025-03-26T20:03:26.678Z] [INFO] Login attempt for user: EJQ001
[2025-03-26T20:03:27.344Z] [INFO] User EJQ001 authenticated successfully.
[2025-03-26T21:06:31.686Z] [INFO] Login attempt for user: EJQ001
[2025-03-26T21:06:33.795Z] [INFO] User EJQ001 authenticated successfully.
[2025-03-26T21:59:25.568Z] [INFO] Login attempt for user: EJQ001
[2025-03-26T21:59:28.924Z] [INFO] User EJQ001 authenticated successfully.
[2025-03-26T22:02:29.713Z] [INFO] Login attempt for user: EJQ001
[2025-03-26T22:02:30.510Z] [INFO] User EJQ001 authenticated successfully.
[2025-03-26T22:03:06.952Z] [INFO] Login attempt for user: EJQ001
[2025-03-26T22:03:07.561Z] [INFO] User EJQ001 authenticated successfully.
[2025-03-27T15:25:33.469Z] [INFO] Login attempt for user: EJQ001
[2025-03-27T15:25:35.006Z] [INFO] User EJQ001 authenticated successfully.
[2025-03-27T17:28:13.429Z] [INFO] Login attempt for user: EJQ001
[2025-03-27T17:28:16.315Z] [INFO] User EJQ001 authenticated successfully.
[2025-03-27T17:30:46.023Z] [INFO] Login attempt for user: EJQ001
[2025-03-27T17:30:46.922Z] [INFO] User EJQ001 authenticated successfully.
[2025-03-27T17:30:53.191Z] [INFO] Login attempt for user: EJQ001
[2025-03-27T17:30:53.901Z] [INFO] User EJQ001 authenticated successfully.
[2025-03-27T17:31:14.078Z] [INFO] Login attempt for user: EJQ001
[2025-03-27T17:31:14.684Z] [INFO] User EJQ001 authenticated successfully.
[2025-03-27T17:32:48.352Z] [INFO] Login attempt for user: EJQ001
[2025-03-27T17:32:49.033Z] [INFO] User EJQ001 authenticated successfully.
[2025-03-27T17:35:24.926Z] [INFO] Login attempt for user: EJQ001
[2025-03-27T17:35:25.514Z] [INFO] User EJQ001 authenticated successfully.
[2025-03-27T17:36:19.450Z] [INFO] Login attempt for user: EJQ001
[2025-03-27T17:36:20.155Z] [INFO] User EJQ001 authenticated successfully.
[2025-03-27T17:36:45.195Z] [INFO] Login attempt for user: EJQ001
[2025-03-27T17:36:45.838Z] [INFO] User EJQ001 authenticated successfully.
[2025-03-27T17:37:48.253Z] [INFO] Login attempt for user: EJQ001
[2025-03-27T17:37:48.860Z] [INFO] User EJQ001 authenticated successfully.
[2025-03-27T17:44:52.521Z] [INFO] Login attempt for user: EJQ001
[2025-03-27T17:44:53.536Z] [INFO] User EJQ001 authenticated successfully.
[2025-03-27T17:45:07.587Z] [INFO] Login attempt for user: EJQ001
[2025-03-27T17:45:08.281Z] [INFO] User EJQ001 authenticated successfully.
[2025-03-27T19:19:20.785Z] [INFO] Login attempt for user: EJQ001
[2025-03-27T19:19:22.480Z] [INFO] User EJQ001 authenticated successfully.
[2025-03-27T19:29:53.661Z] [INFO] Login attempt for user: EJQ001
[2025-03-27T19:29:54.379Z] [INFO] User EJQ001 authenticated successfully.
[2025-03-27T19:31:32.772Z] [INFO] Login attempt for user: EJQ001
[2025-03-27T19:31:33.513Z] [INFO] User EJQ001 authenticated successfully.
[2025-03-27T19:34:05.370Z] [INFO] Login attempt for user: EJQ001
[2025-03-27T19:34:06.050Z] [INFO] User EJQ001 authenticated successfully.
[2025-03-27T19:34:47.891Z] [INFO] User logged out
[2025-03-27T19:34:51.999Z] [INFO] Login attempt for user: EJQ001
[2025-03-27T19:34:52.653Z] [INFO] User EJQ001 authenticated successfully.
[2025-03-27T19:36:15.232Z] [INFO] Login attempt for user: EJQ001
[2025-03-27T19:36:15.926Z] [INFO] User EJQ001 authenticated successfully.
[2025-03-27T19:38:04.213Z] [INFO] Login attempt for user: EJQ001
[2025-03-27T19:38:04.904Z] [INFO] User EJQ001 authenticated successfully.
[2025-03-27T19:42:05.811Z] [INFO] Login attempt for user: EJQ001
[2025-03-27T19:42:06.515Z] [INFO] User EJQ001 authenticated successfully.
[2025-03-27T19:44:15.147Z] [INFO] Login attempt for user: EJQ001
[2025-03-27T19:44:15.947Z] [INFO] User EJQ001 authenticated successfully.
[2025-03-27T19:44:35.191Z] [INFO] Login attempt for user: EJQ001
[2025-03-27T19:44:35.826Z] [INFO] User EJQ001 authenticated successfully.
[2025-03-27T19:46:53.378Z] [INFO] Login attempt for user: EJQ001
[2025-03-27T19:46:54.047Z] [INFO] User EJQ001 authenticated successfully.
[2025-03-27T19:58:16.797Z] [INFO] Login attempt for user: EJQ001
[2025-03-27T19:58:17.551Z] [INFO] User EJQ001 authenticated successfully.
[2025-03-27T20:00:52.752Z] [INFO] Login attempt for user: EJQ001
[2025-03-27T20:00:54.450Z] [INFO] User EJQ001 authenticated successfully.
[2025-03-27T20:02:24.660Z] [INFO] Login attempt for user: EJQ001
[2025-03-27T20:02:25.262Z] [INFO] User EJQ001 authenticated successfully.
[2025-03-27T20:12:12.570Z] [INFO] Login attempt for user: EJQ001
[2025-03-27T20:12:13.293Z] [INFO] User EJQ001 authenticated successfully.
[2025-03-27T20:12:29.873Z] [INFO] Login attempt for user: EJQ001
[2025-03-27T20:12:30.551Z] [INFO] User EJQ001 authenticated successfully.
[2025-03-27T20:12:47.501Z] [INFO] Login attempt for user: EJQ001
[2025-03-27T20:12:48.236Z] [INFO] User EJQ001 authenticated successfully.
[2025-03-27T20:18:45.551Z] [INFO] Login attempt for user: EJQ001
[2025-03-27T20:18:46.221Z] [INFO] User EJQ001 authenticated successfully.
[2025-03-27T22:05:20.266Z] [INFO] Login attempt for user: EJQ001
[2025-03-27T22:05:22.497Z] [INFO] User EJQ001 authenticated successfully.
[2025-03-27T22:08:58.609Z] [INFO] Login attempt for user: EJQ001
[2025-03-27T22:08:59.383Z] [INFO] User EJQ001 authenticated successfully.
[2025-03-27T22:10:02.937Z] [INFO] Login attempt for user: LQM001
[2025-03-27T22:10:03.862Z] [INFO] User LQM001 authenticated successfully.
[2025-03-27T22:11:55.250Z] [INFO] Login attempt for user: LQM001
[2025-03-27T22:11:55.985Z] [INFO] User LQM001 authenticated successfully.
[2025-03-27T22:13:19.603Z] [INFO] Login attempt for user: EJQ001
[2025-03-27T22:13:20.313Z] [INFO] User EJQ001 authenticated successfully.
[2025-03-27T22:13:25.314Z] [INFO] User logged out
[2025-03-27T22:13:45.255Z] [INFO] Login attempt for user: EJQ001
[2025-03-27T22:13:45.924Z] [INFO] User EJQ001 authenticated successfully.
[2025-03-27T22:30:50.357Z] [INFO] Login attempt for user: EJQ001
[2025-03-27T22:30:51.128Z] [INFO] User EJQ001 authenticated successfully.
[2025-03-27T22:59:01.979Z] [INFO] Login attempt for user: EJQ001
[2025-03-27T22:59:02.713Z] [INFO] User EJQ001 authenticated successfully.
[2025-03-28T14:33:52.355Z] [INFO] Login attempt for user: EJQ001
[2025-03-28T14:33:57.376Z] [INFO] User EJQ001 authenticated successfully.
[2025-03-28T15:04:56.226Z] [INFO] Login attempt for user: EJQ001
[2025-03-28T15:04:57.824Z] [INFO] User EJQ001 authenticated successfully.
[2025-03-28T15:15:36.067Z] [INFO] Login attempt for user: EJQ001
[2025-03-28T15:15:36.799Z] [INFO] User EJQ001 authenticated successfully.
[2025-03-28T15:24:44.601Z] [INFO] Login attempt for user: EJQ001
[2025-03-28T15:24:45.314Z] [INFO] User EJQ001 authenticated successfully.
[2025-03-28T15:28:18.605Z] [INFO] Login attempt for user: EJQ001
[2025-03-28T15:28:19.318Z] [INFO] User EJQ001 authenticated successfully.
[2025-03-28T15:29:04.709Z] [INFO] Login attempt for user: EJQ001
[2025-03-28T15:29:05.484Z] [INFO] User EJQ001 authenticated successfully.
[2025-03-28T15:29:45.262Z] [INFO] Login attempt for user: EJQ001
[2025-03-28T15:29:45.876Z] [INFO] User EJQ001 authenticated successfully.
[2025-03-28T15:30:42.414Z] [INFO] Login attempt for user: EJQ001
[2025-03-28T15:30:43.126Z] [INFO] User EJQ001 authenticated successfully.
[2025-03-28T15:37:30.884Z] [INFO] Login attempt for user: EJQ001
[2025-03-28T15:37:31.552Z] [INFO] User EJQ001 authenticated successfully.
[2025-03-28T16:15:07.551Z] [INFO] Login attempt for user: EJQ001
[2025-03-28T16:15:08.813Z] [INFO] User EJQ001 authenticated successfully.
[2025-03-28T16:16:03.395Z] [INFO] User logged out
[2025-03-28T16:16:10.839Z] [INFO] Login attempt for user: HHC001
[2025-03-28T16:16:22.285Z] [INFO] Login attempt for user: HHC001
[2025-03-28T16:16:22.986Z] [INFO] User HHC001 authenticated successfully.
[2025-03-28T16:16:28.010Z] [INFO] User logged out
[2025-03-28T16:16:46.017Z] [INFO] Login attempt for user: HHC001
[2025-03-28T16:16:46.674Z] [INFO] User HHC001 authenticated successfully.
[2025-03-28T16:16:47.794Z] [INFO] User logged out
[2025-03-28T16:17:12.808Z] [INFO] Login attempt for user: EJQ001
[2025-03-28T16:17:13.381Z] [INFO] User EJQ001 authenticated successfully.
[2025-03-28T16:19:34.161Z] [INFO] Login attempt for user: EJQ001
[2025-03-28T16:19:34.761Z] [INFO] User EJQ001 authenticated successfully.
[2025-03-28T16:19:59.183Z] [INFO] Login attempt for user: EJQ001
[2025-03-28T16:19:59.843Z] [INFO] User EJQ001 authenticated successfully.
[2025-03-28T17:30:07.587Z] [INFO] Login attempt for user: EJQ001
[2025-03-28T17:30:14.740Z] [INFO] User EJQ001 authenticated successfully.
[2025-03-28T17:31:43.243Z] [INFO] Login attempt for user: EJQ001
[2025-03-28T17:31:44.049Z] [INFO] User EJQ001 authenticated successfully.
[2025-03-28T17:35:50.454Z] [INFO] Login attempt for user: EJQ001
[2025-03-28T17:35:51.145Z] [INFO] User EJQ001 authenticated successfully.
[2025-03-28T17:36:37.673Z] [INFO] Login attempt for user: EJQ001
[2025-03-28T17:36:38.392Z] [INFO] User EJQ001 authenticated successfully.
[2025-03-28T17:40:04.944Z] [INFO] Login attempt for user: EJQ001
[2025-03-28T17:40:05.858Z] [INFO] User EJQ001 authenticated successfully.
[2025-03-28T18:11:51.719Z] [INFO] Login attempt for user: EJQ001
[2025-03-28T18:11:52.727Z] [INFO] User EJQ001 authenticated successfully.
[2025-03-28T20:14:02.513Z] [INFO] Login attempt for user: EJQ001
[2025-03-28T20:14:03.450Z] [INFO] User EJQ001 authenticated successfully.
[2025-03-28T20:19:48.673Z] [INFO] Login attempt for user: EJQ001
[2025-03-28T20:19:49.381Z] [INFO] User EJQ001 authenticated successfully.
[2025-03-28T20:44:46.912Z] [INFO] Login attempt for user: EJQ001
[2025-03-28T20:44:47.643Z] [INFO] User EJQ001 authenticated successfully.
[2025-03-28T21:00:26.858Z] [INFO] Login attempt for user: EJQ001
[2025-03-28T21:00:27.565Z] [INFO] User EJQ001 authenticated successfully.
[2025-03-28T21:02:58.806Z] [INFO] Login attempt for user: EJQ001
[2025-03-28T21:02:59.783Z] [INFO] User EJQ001 authenticated successfully.
[2025-03-28T21:37:53.861Z] [INFO] Login attempt for user: EJQ001
[2025-03-28T21:37:55.186Z] [INFO] User EJQ001 authenticated successfully.
[2025-03-28T21:45:49.140Z] [INFO] Login attempt for user: EJQ001
[2025-03-28T21:45:49.723Z] [INFO] User EJQ001 authenticated successfully.
[2025-03-28T22:00:36.443Z] [INFO] Login attempt for user: EJQ001
[2025-03-28T22:00:37.146Z] [INFO] User EJQ001 authenticated successfully.
[2025-03-28T22:13:00.229Z] [INFO] Login attempt for user: EJQ001
[2025-03-28T22:13:00.951Z] [INFO] User EJQ001 authenticated successfully.
[2025-03-28T22:15:28.935Z] [INFO] Login attempt for user: EJQ001
[2025-03-28T22:15:29.534Z] [INFO] User EJQ001 authenticated successfully.
[2025-03-28T22:18:21.806Z] [INFO] Login attempt for user: EJQ001
[2025-03-28T22:18:22.435Z] [INFO] User EJQ001 authenticated successfully.
[2025-03-28T22:29:55.806Z] [INFO] Login attempt for user: EJQ001
[2025-03-28T22:29:56.693Z] [INFO] User EJQ001 authenticated successfully.
[2025-03-28T22:31:03.078Z] [INFO] Login attempt for user: EJQ001
[2025-03-28T22:31:03.674Z] [INFO] User EJQ001 authenticated successfully.
[2025-03-28T22:33:13.661Z] [INFO] Login attempt for user: EJQ001
[2025-03-28T22:33:14.268Z] [INFO] User EJQ001 authenticated successfully.
[2025-03-31T15:31:54.337Z] [INFO] Login attempt for user: EJQ001
[2025-03-31T15:31:58.298Z] [INFO] User EJQ001 authenticated successfully.
[2025-03-31T15:43:54.372Z] [INFO] Login attempt for user: EJQ001
[2025-03-31T15:43:57.424Z] [INFO] User EJQ001 authenticated successfully.
[2025-03-31T15:46:09.403Z] [INFO] Login attempt for user: EJQ001
[2025-03-31T15:46:10.957Z] [INFO] User EJQ001 authenticated successfully.
[2025-03-31T15:47:22.371Z] [INFO] Login attempt for user: EJQ001
[2025-03-31T15:47:22.977Z] [INFO] User EJQ001 authenticated successfully.
[2025-03-31T16:14:26.967Z] [INFO] Login attempt for user: EJQ001
[2025-03-31T16:14:31.059Z] [INFO] User EJQ001 authenticated successfully.
[2025-03-31T16:20:31.142Z] [INFO] Login attempt for user: EJQ001
[2025-03-31T16:20:34.589Z] [INFO] User EJQ001 authenticated successfully.
[2025-03-31T16:28:22.175Z] [INFO] Login attempt for user: EJQ001
[2025-03-31T16:28:22.839Z] [INFO] User EJQ001 authenticated successfully.
[2025-03-31T16:31:25.912Z] [INFO] Login attempt for user: EJQ001
[2025-03-31T16:31:26.654Z] [INFO] User EJQ001 authenticated successfully.
[2025-03-31T16:34:00.326Z] [INFO] Login attempt for user: EJQ001
[2025-03-31T16:34:01.329Z] [INFO] User EJQ001 authenticated successfully.
[2025-03-31T17:01:00.551Z] [INFO] Login attempt for user: EJQ001
[2025-03-31T17:01:01.266Z] [INFO] User EJQ001 authenticated successfully.
[2025-03-31T17:11:52.216Z] [INFO] Login attempt for user: EJQ001
[2025-03-31T17:11:59.420Z] [INFO] Login attempt for user: EJQ001
[2025-03-31T17:12:00.073Z] [INFO] User EJQ001 authenticated successfully.
[2025-03-31T17:18:06.417Z] [INFO] Login attempt for user: EJQ001
[2025-03-31T17:18:07.096Z] [INFO] User EJQ001 authenticated successfully.
[2025-03-31T17:28:11.167Z] [INFO] Login attempt for user: EJQ001
[2025-03-31T17:28:12.830Z] [INFO] User EJQ001 authenticated successfully.
[2025-03-31T17:33:54.671Z] [INFO] Login attempt for user: EJQ001
[2025-03-31T17:33:55.348Z] [INFO] User EJQ001 authenticated successfully.
[2025-03-31T17:41:17.367Z] [INFO] Login attempt for user: EJQ001
[2025-03-31T17:41:18.073Z] [INFO] User EJQ001 authenticated successfully.
[2025-03-31T19:21:01.197Z] [INFO] Login attempt for user: EJQ001
[2025-03-31T19:21:03.584Z] [INFO] User EJQ001 authenticated successfully.
[2025-03-31T19:36:24.335Z] [INFO] Login attempt for user: EJQ001
[2025-03-31T19:36:25.090Z] [INFO] User EJQ001 authenticated successfully.
[2025-03-31T19:40:53.555Z] [INFO] Login attempt for user: EJQ001
[2025-03-31T19:40:54.220Z] [INFO] User EJQ001 authenticated successfully.
[2025-03-31T19:51:53.078Z] [INFO] Login attempt for user: EJQ001
[2025-03-31T19:51:53.722Z] [INFO] User EJQ001 authenticated successfully.
[2025-03-31T19:59:41.777Z] [INFO] Login attempt for user: EJQ001
[2025-03-31T19:59:42.439Z] [INFO] User EJQ001 authenticated successfully.
[2025-03-31T20:00:41.918Z] [INFO] Login attempt for user: EJQ001
[2025-03-31T20:00:42.774Z] [INFO] User EJQ001 authenticated successfully.
[2025-03-31T20:26:36.889Z] [INFO] Login attempt for user: EJQ001
[2025-03-31T20:26:37.626Z] [INFO] User EJQ001 authenticated successfully.
[2025-03-31T20:28:01.098Z] [INFO] Login attempt for user: EJQ001
[2025-03-31T20:28:01.809Z] [INFO] User EJQ001 authenticated successfully.
[2025-03-31T20:31:31.912Z] [INFO] Login attempt for user: EJQ001
[2025-03-31T20:31:32.594Z] [INFO] User EJQ001 authenticated successfully.
[2025-03-31T20:34:52.710Z] [INFO] Login attempt for user: EJQ001
[2025-03-31T20:34:53.348Z] [INFO] User EJQ001 authenticated successfully.
[2025-03-31T20:37:34.796Z] [INFO] Login attempt for user: EJQ001
[2025-03-31T20:37:35.484Z] [INFO] User EJQ001 authenticated successfully.
[2025-03-31T20:41:42.024Z] [INFO] Login attempt for user: EJQ001
[2025-03-31T20:41:42.710Z] [INFO] User EJQ001 authenticated successfully.
[2025-03-31T20:48:24.149Z] [INFO] Login attempt for user: EJQ001
[2025-03-31T20:48:24.825Z] [INFO] User EJQ001 authenticated successfully.
[2025-03-31T20:49:10.971Z] [INFO] Login attempt for user: EJQ001
[2025-03-31T20:49:12.017Z] [INFO] User EJQ001 authenticated successfully.
[2025-03-31T20:50:59.133Z] [INFO] Login attempt for user: EJQ001
[2025-03-31T20:51:04.334Z] [INFO] Login attempt for user: EJQ001
[2025-03-31T20:51:05.053Z] [INFO] User EJQ001 authenticated successfully.
[2025-03-31T20:51:59.844Z] [INFO] Login attempt for user: EJQ001
[2025-03-31T20:52:00.436Z] [INFO] User EJQ001 authenticated successfully.
[2025-03-31T20:56:11.301Z] [INFO] Login attempt for user: EJQ001
[2025-03-31T20:56:11.984Z] [INFO] User EJQ001 authenticated successfully.
[2025-03-31T21:02:19.900Z] [INFO] Login attempt for user: EJQ001
[2025-03-31T21:02:20.944Z] [INFO] User EJQ001 authenticated successfully.
[2025-03-31T21:12:11.945Z] [INFO] Login attempt for user: EJQ001
[2025-03-31T21:12:12.588Z] [INFO] User EJQ001 authenticated successfully.
[2025-03-31T22:19:46.708Z] [INFO] Login attempt for user: EJQ001
[2025-03-31T22:19:48.166Z] [INFO] User EJQ001 authenticated successfully.
[2025-03-31T22:22:32.460Z] [INFO] Login attempt for user: EJQ001
[2025-03-31T22:22:33.169Z] [INFO] User EJQ001 authenticated successfully.
[2025-03-31T22:28:16.283Z] [INFO] Login attempt for user: EJQ001
[2025-03-31T22:28:16.954Z] [INFO] User EJQ001 authenticated successfully.
[2025-03-31T22:40:38.657Z] [INFO] Login attempt for user: EJQ001
[2025-03-31T22:40:39.552Z] [INFO] User EJQ001 authenticated successfully.
[2025-03-31T22:42:36.753Z] [INFO] Login attempt for user: EJQ001
[2025-03-31T22:42:37.754Z] [INFO] User EJQ001 authenticated successfully.
[2025-04-01T14:08:30.396Z] [INFO] Login attempt for user: EJQ001
[2025-04-01T14:08:32.805Z] [INFO] User EJQ001 authenticated successfully.
[2025-04-01T14:36:42.779Z] [INFO] Login attempt for user: EJQ001
[2025-04-01T14:36:43.785Z] [INFO] User EJQ001 authenticated successfully.
[2025-04-01T14:46:44.640Z] [INFO] Login attempt for user: EJQ001
[2025-04-01T14:46:45.902Z] [INFO] User EJQ001 authenticated successfully.
[2025-04-01T14:47:47.034Z] [INFO] Login attempt for user: EJQ001
[2025-04-01T14:47:47.672Z] [INFO] User EJQ001 authenticated successfully.
[2025-04-01T14:52:49.826Z] [INFO] Login attempt for user: EJQ001
[2025-04-01T14:52:50.755Z] [INFO] User EJQ001 authenticated successfully.
[2025-04-01T14:53:13.608Z] [INFO] Login attempt for user: EJQ001
[2025-04-01T14:53:14.272Z] [INFO] User EJQ001 authenticated successfully.
[2025-04-01T14:57:56.816Z] [INFO] Login attempt for user: EJQ001
[2025-04-01T14:57:57.477Z] [INFO] User EJQ001 authenticated successfully.
[2025-04-01T14:58:55.584Z] [INFO] Login attempt for user: EJQ001
[2025-04-01T14:58:56.152Z] [INFO] User EJQ001 authenticated successfully.
[2025-04-01T15:02:39.424Z] [INFO] Login attempt for user: EJQ001
[2025-04-01T15:02:40.335Z] [INFO] User EJQ001 authenticated successfully.
[2025-04-01T15:04:30.081Z] [INFO] Login attempt for user: EJQ001
[2025-04-01T15:04:30.734Z] [INFO] User EJQ001 authenticated successfully.
[2025-04-01T15:06:57.558Z] [INFO] Login attempt for user: EJQ001
[2025-04-01T15:06:58.665Z] [INFO] User EJQ001 authenticated successfully.
[2025-04-01T15:09:28.147Z] [INFO] Login attempt for user: EJQ001
[2025-04-01T15:09:28.841Z] [INFO] User EJQ001 authenticated successfully.
[2025-04-01T15:09:59.944Z] [INFO] Login attempt for user: EJQ001
[2025-04-01T15:10:00.655Z] [INFO] User EJQ001 authenticated successfully.
[2025-04-01T15:12:23.560Z] [INFO] Login attempt for user: EJQ001
[2025-04-01T15:12:24.156Z] [INFO] User EJQ001 authenticated successfully.
[2025-04-01T15:13:29.745Z] [INFO] Login attempt for user: EJQ001
[2025-04-01T15:13:30.285Z] [INFO] User EJQ001 authenticated successfully.
[2025-04-01T15:18:39.848Z] [INFO] Login attempt for user: EJQ001
[2025-04-01T15:18:40.489Z] [INFO] User EJQ001 authenticated successfully.
[2025-04-01T15:20:25.864Z] [INFO] Login attempt for user: EJQ001
[2025-04-01T15:20:27.019Z] [INFO] User EJQ001 authenticated successfully.
[2025-04-01T15:26:13.372Z] [INFO] Login attempt for user: EJQ001
[2025-04-01T15:26:14.087Z] [INFO] User EJQ001 authenticated successfully.
[2025-04-01T15:31:17.887Z] [INFO] Login attempt for user: EJQ001
[2025-04-01T15:31:18.565Z] [INFO] User EJQ001 authenticated successfully.
[2025-04-01T15:39:44.837Z] [INFO] Login attempt for user: EJQ001
[2025-04-01T15:39:45.465Z] [INFO] User EJQ001 authenticated successfully.
[2025-04-01T15:41:04.125Z] [INFO] Login attempt for user: EJQ001
[2025-04-01T15:41:04.803Z] [INFO] User EJQ001 authenticated successfully.
[2025-04-01T15:46:44.421Z] [INFO] Login attempt for user: EJQ001
[2025-04-01T15:46:45.328Z] [INFO] User EJQ001 authenticated successfully.
[2025-04-01T15:47:00.787Z] [INFO] Login attempt for user: EJQ001
[2025-04-01T15:47:02.042Z] [INFO] User EJQ001 authenticated successfully.
[2025-04-01T15:48:02.625Z] [INFO] Login attempt for user: EJQ001
[2025-04-01T15:48:03.294Z] [INFO] User EJQ001 authenticated successfully.
[2025-04-01T15:58:06.025Z] [INFO] Login attempt for user: EJQ001
[2025-04-01T15:58:06.672Z] [INFO] User EJQ001 authenticated successfully.
[2025-04-01T15:59:00.896Z] [INFO] Login attempt for user: EJQ001
[2025-04-01T15:59:01.489Z] [INFO] User EJQ001 authenticated successfully.
[2025-04-01T16:12:23.119Z] [INFO] Login attempt for user: EJQ001
[2025-04-01T16:12:24.249Z] [INFO] User EJQ001 authenticated successfully.
[2025-04-01T16:18:32.340Z] [INFO] Login attempt for user: EJQ001
[2025-04-01T16:18:32.955Z] [INFO] User EJQ001 authenticated successfully.
[2025-04-01T16:36:28.634Z] [INFO] Login attempt for user: EJQ001
[2025-04-01T16:36:29.299Z] [INFO] User EJQ001 authenticated successfully.
[2025-04-01T17:08:42.174Z] [INFO] Login attempt for user: EJQ001
[2025-04-01T17:08:43.898Z] [INFO] User EJQ001 authenticated successfully.
[2025-04-01T17:14:39.869Z] [INFO] Login attempt for user: EJQ001
[2025-04-01T17:14:41.109Z] [INFO] User EJQ001 authenticated successfully.
[2025-04-01T17:37:38.351Z] [INFO] Login attempt for user: EJQ001
[2025-04-01T17:37:39.560Z] [INFO] User EJQ001 authenticated successfully.
[2025-04-01T17:38:05.202Z] [INFO] Login attempt for user: EJQ001
[2025-04-01T17:38:05.837Z] [INFO] User EJQ001 authenticated successfully.
[2025-04-01T17:40:09.200Z] [INFO] Login attempt for user: EJQ001
[2025-04-01T17:40:10.107Z] [INFO] User EJQ001 authenticated successfully.
[2025-04-01T18:50:24.158Z] [INFO] Login attempt for user: EJQ001
[2025-04-01T18:50:29.772Z] [INFO] User EJQ001 authenticated successfully.
[2025-04-01T19:06:54.935Z] [INFO] Login attempt for user: EJQ001
[2025-04-01T19:06:55.640Z] [INFO] User EJQ001 authenticated successfully.
[2025-04-01T19:34:51.326Z] [INFO] Login attempt for user: EJQ001
[2025-04-01T19:34:52.033Z] [INFO] User EJQ001 authenticated successfully.
[2025-04-01T19:35:15.152Z] [INFO] Login attempt for user: EJQ001
[2025-04-01T19:35:15.848Z] [INFO] User EJQ001 authenticated successfully.
[2025-04-01T19:38:04.019Z] [INFO] Login attempt for user: EJQ001
[2025-04-01T19:38:04.721Z] [INFO] User EJQ001 authenticated successfully.
[2025-04-01T20:41:08.070Z] [INFO] Login attempt for user: EJQ001
[2025-04-01T20:41:08.787Z] [INFO] User EJQ001 authenticated successfully.
[2025-04-02T19:18:28.657Z] [INFO] Login attempt for user: EJQ001
[2025-04-02T19:18:30.074Z] [INFO] User EJQ001 authenticated successfully.
[2025-04-02T19:20:53.386Z] [INFO] Login attempt for user: EJQ001
[2025-04-02T19:20:54.066Z] [INFO] User EJQ001 authenticated successfully.
[2025-04-02T19:22:04.665Z] [INFO] Login attempt for user: EJQ001
[2025-04-02T19:22:05.433Z] [INFO] User EJQ001 authenticated successfully.
[2025-04-02T19:24:06.834Z] [INFO] Login attempt for user: EJQ001
[2025-04-02T19:24:07.491Z] [INFO] User EJQ001 authenticated successfully.
[2025-04-02T19:25:29.849Z] [INFO] Login attempt for user: EJQ001
[2025-04-02T19:25:30.451Z] [INFO] User EJQ001 authenticated successfully.
[2025-04-02T19:34:15.658Z] [INFO] Login attempt for user: EJQ001
[2025-04-02T19:34:16.344Z] [INFO] User EJQ001 authenticated successfully.
[2025-04-02T19:37:23.193Z] [INFO] Login attempt for user: EJQ001
[2025-04-02T19:37:23.901Z] [INFO] User EJQ001 authenticated successfully.
[2025-04-02T19:45:06.464Z] [INFO] Login attempt for user: EJQ001
[2025-04-02T19:45:07.168Z] [INFO] User EJQ001 authenticated successfully.
[2025-04-02T19:54:26.354Z] [INFO] Login attempt for user: EJQ001
[2025-04-02T19:54:26.996Z] [INFO] User EJQ001 authenticated successfully.
[2025-04-02T20:01:45.944Z] [INFO] Login attempt for user: EJQ001
[2025-04-02T20:01:46.707Z] [INFO] User EJQ001 authenticated successfully.
[2025-04-02T20:03:40.801Z] [INFO] Login attempt for user: EJQ001
[2025-04-02T20:03:41.526Z] [INFO] User EJQ001 authenticated successfully.
[2025-04-02T20:04:30.578Z] [INFO] Login attempt for user: EJQ001
[2025-04-02T20:04:31.475Z] [INFO] User EJQ001 authenticated successfully.
[2025-04-02T20:27:23.291Z] [INFO] Login attempt for user: EJQ001
[2025-04-02T20:27:23.937Z] [INFO] User EJQ001 authenticated successfully.
[2025-04-02T20:46:17.388Z] [INFO] Login attempt for user: EJQ001
[2025-04-02T20:46:18.639Z] [INFO] User EJQ001 authenticated successfully.
[2025-04-02T21:08:21.783Z] [INFO] Login attempt for user: EJQ001
[2025-04-02T21:08:22.575Z] [INFO] User EJQ001 authenticated successfully.
[2025-04-02T21:12:51.106Z] [INFO] Login attempt for user: EJQ001
[2025-04-02T21:12:53.519Z] [INFO] User EJQ001 authenticated successfully.
[2025-04-02T21:13:45.601Z] [INFO] Login attempt for user: EJQ001
[2025-04-02T21:13:46.298Z] [INFO] User EJQ001 authenticated successfully.
[2025-04-03T15:38:49.573Z] [INFO] Login attempt for user: EJQ001
[2025-04-03T15:38:52.608Z] [INFO] User EJQ001 authenticated successfully.
[2025-04-03T15:42:59.814Z] [INFO] Login attempt for user: EJQ001
[2025-04-03T15:43:02.931Z] [INFO] User EJQ001 authenticated successfully.
[2025-04-03T15:52:43.102Z] [INFO] Login attempt for user: EJQ001
[2025-04-03T15:52:43.948Z] [INFO] User EJQ001 authenticated successfully.
[2025-04-03T15:54:28.211Z] [INFO] Login attempt for user: EJQ001
[2025-04-03T15:54:29.169Z] [INFO] User EJQ001 authenticated successfully.
[2025-04-03T15:55:01.072Z] [INFO] Login attempt for user: EJQ001
[2025-04-03T15:55:01.709Z] [INFO] User EJQ001 authenticated successfully.
[2025-04-03T15:57:37.452Z] [INFO] Login attempt for user: EJQ001
[2025-04-03T15:57:38.133Z] [INFO] User EJQ001 authenticated successfully.
[2025-04-03T15:59:16.741Z] [INFO] Login attempt for user: EJQ001
[2025-04-03T15:59:17.354Z] [INFO] User EJQ001 authenticated successfully.
[2025-04-03T15:59:52.416Z] [INFO] Login attempt for user: EJQ001
[2025-04-03T15:59:53.131Z] [INFO] User EJQ001 authenticated successfully.
[2025-04-03T16:00:42.115Z] [INFO] Login attempt for user: EJQ001
[2025-04-03T16:00:42.930Z] [INFO] User EJQ001 authenticated successfully.
[2025-04-03T16:56:22.318Z] [INFO] Login attempt for user: EJQ001
[2025-04-03T16:56:27.645Z] [INFO] User EJQ001 authenticated successfully.
[2025-04-03T17:12:52.865Z] [INFO] Login attempt for user: EJQ001
[2025-04-03T17:12:55.017Z] [INFO] User EJQ001 authenticated successfully.
[2025-04-03T17:17:12.211Z] [INFO] Login attempt for user: EJQ001
[2025-04-03T17:17:14.346Z] [INFO] User EJQ001 authenticated successfully.
[2025-04-03T19:04:30.090Z] [INFO] Login attempt for user: EJQ001
[2025-04-03T19:04:31.875Z] [INFO] User EJQ001 authenticated successfully.
[2025-04-03T19:19:15.491Z] [INFO] Login attempt for user: EJQ001
[2025-04-03T19:19:16.128Z] [INFO] User EJQ001 authenticated successfully.
[2025-04-03T19:23:12.492Z] [INFO] Login attempt for user: EJQ001
[2025-04-03T19:23:13.190Z] [INFO] User EJQ001 authenticated successfully.
[2025-04-03T19:25:58.267Z] [INFO] Login attempt for user: EJQ001
[2025-04-03T19:25:58.942Z] [INFO] User EJQ001 authenticated successfully.
[2025-04-03T19:28:25.196Z] [INFO] Login attempt for user: EJQ001
[2025-04-03T19:28:25.880Z] [INFO] User EJQ001 authenticated successfully.
[2025-04-03T19:33:50.209Z] [INFO] Login attempt for user: EJQ001
[2025-04-03T19:33:50.908Z] [INFO] User EJQ001 authenticated successfully.
[2025-04-03T19:36:08.691Z] [INFO] Login attempt for user: EJQ001
[2025-04-03T19:36:09.402Z] [INFO] User EJQ001 authenticated successfully.
[2025-04-03T20:29:18.479Z] [INFO] Login attempt for user: EJQ001
[2025-04-03T20:29:20.825Z] [INFO] User EJQ001 authenticated successfully.
[2025-04-03T20:40:30.989Z] [INFO] Login attempt for user: EJQ001
[2025-04-03T20:40:31.653Z] [INFO] User EJQ001 authenticated successfully.
[2025-04-03T20:46:50.179Z] [INFO] Login attempt for user: EJQ001
[2025-04-03T20:46:51.138Z] [INFO] User EJQ001 authenticated successfully.
[2025-04-03T20:48:45.155Z] [INFO] Login attempt for user: EJQ001
[2025-04-03T20:48:45.736Z] [INFO] User EJQ001 authenticated successfully.
[2025-04-03T20:57:52.895Z] [INFO] Login attempt for user: EJQ001
[2025-04-03T20:57:53.547Z] [INFO] User EJQ001 authenticated successfully.
[2025-04-03T21:00:09.073Z] [INFO] Login attempt for user: EJQ001
[2025-04-03T21:00:09.739Z] [INFO] User EJQ001 authenticated successfully.
[2025-04-03T21:01:31.236Z] [INFO] Login attempt for user: EJQ001
[2025-04-03T21:01:31.956Z] [INFO] User EJQ001 authenticated successfully.
[2025-04-03T21:12:57.875Z] [INFO] Login attempt for user: EJQ001
[2025-04-03T21:12:58.507Z] [INFO] User EJQ001 authenticated successfully.
[2025-04-03T21:17:37.248Z] [INFO] Login attempt for user: EJQ001
[2025-04-03T21:17:37.896Z] [INFO] User EJQ001 authenticated successfully.
[2025-04-03T21:18:41.749Z] [INFO] Login attempt for user: EJQ001
[2025-04-03T21:18:42.309Z] [INFO] User EJQ001 authenticated successfully.
[2025-04-03T21:19:17.468Z] [INFO] Login attempt for user: EJQ001
[2025-04-03T21:19:18.019Z] [INFO] User EJQ001 authenticated successfully.
[2025-04-03T21:19:59.506Z] [INFO] Login attempt for user: EJQ001
[2025-04-03T21:20:00.107Z] [INFO] User EJQ001 authenticated successfully.
[2025-04-03T21:20:50.414Z] [INFO] Login attempt for user: EJQ001
[2025-04-03T21:20:50.998Z] [INFO] User EJQ001 authenticated successfully.
[2025-04-03T21:21:34.637Z] [INFO] Login attempt for user: EJQ001
[2025-04-03T21:21:35.720Z] [INFO] User EJQ001 authenticated successfully.
[2025-04-03T21:30:41.890Z] [INFO] Login attempt for user: EJQ001
[2025-04-03T21:30:42.657Z] [INFO] User EJQ001 authenticated successfully.
[2025-04-03T21:32:23.388Z] [INFO] Login attempt for user: EJQ001
[2025-04-03T21:32:24.019Z] [INFO] User EJQ001 authenticated successfully.
[2025-04-03T21:33:42.911Z] [INFO] Login attempt for user: EJQ001
[2025-04-03T21:33:43.524Z] [INFO] User EJQ001 authenticated successfully.
[2025-04-03T21:40:20.515Z] [INFO] Login attempt for user: EJQ001
[2025-04-03T21:40:21.546Z] [INFO] User EJQ001 authenticated successfully.
[2025-04-03T21:42:53.873Z] [INFO] Login attempt for user: EJQ001
[2025-04-03T21:42:54.517Z] [INFO] User EJQ001 authenticated successfully.
[2025-04-03T21:49:52.353Z] [INFO] Login attempt for user: EJQ001
[2025-04-03T21:49:57.818Z] [INFO] Login attempt for user: EJQ001
[2025-04-03T21:49:58.389Z] [INFO] User EJQ001 authenticated successfully.
[2025-04-03T21:58:21.718Z] [INFO] Login attempt for user: EJQ001
[2025-04-03T21:58:22.367Z] [INFO] User EJQ001 authenticated successfully.
[2025-04-03T22:03:29.355Z] [INFO] Login attempt for user: EJQ001
[2025-04-03T22:03:30.273Z] [INFO] User EJQ001 authenticated successfully.
[2025-04-03T22:06:05.036Z] [INFO] Login attempt for user: EJQ001
[2025-04-03T22:06:06.309Z] [INFO] User EJQ001 authenticated successfully.
[2025-04-03T22:15:50.709Z] [INFO] Login attempt for user: EJQ001
[2025-04-03T22:15:51.453Z] [INFO] User EJQ001 authenticated successfully.
[2025-04-07T14:40:18.818Z] [INFO] Login attempt for user: EJQ001
[2025-04-07T14:40:21.224Z] [INFO] Login attempt for user: EJQ001
[2025-04-07T14:40:21.656Z] [INFO] User EJQ001 authenticated successfully.
[2025-04-07T14:40:21.901Z] [INFO] User EJQ001 authenticated successfully.
[2025-04-07T16:55:35.509Z] [INFO] Login attempt for user: EJQ001
[2025-04-07T16:55:38.695Z] [INFO] User EJQ001 authenticated successfully.
[2025-04-07T16:56:12.259Z] [INFO] Login attempt for user: JLQ001
[2025-04-07T16:56:30.323Z] [INFO] Login attempt for user: JMC003
[2025-04-07T16:56:30.953Z] [INFO] User JMC003 authenticated successfully.
[2025-04-07T16:57:43.847Z] [INFO] Login attempt for user: WAC001
[2025-04-07T16:57:44.469Z] [INFO] User WAC001 authenticated successfully.
[2025-04-07T16:58:27.511Z] [INFO] Login attempt for user: EJQ001
[2025-04-07T16:58:28.119Z] [INFO] User EJQ001 authenticated successfully.
[2025-04-07T17:00:10.333Z] [INFO] Login attempt for user: EJQ001
[2025-04-07T17:00:10.923Z] [INFO] User EJQ001 authenticated successfully.
[2025-04-07T17:00:18.309Z] [INFO] User logged out
[2025-04-07T17:00:30.000Z] [INFO] Login attempt for user: EJQ001
[2025-04-07T17:00:30.588Z] [INFO] User EJQ001 authenticated successfully.
[2025-04-07T17:04:33.378Z] [INFO] Login attempt for user: EJQ001
[2025-04-07T17:04:33.975Z] [INFO] User EJQ001 authenticated successfully.
[2025-04-07T17:05:35.259Z] [INFO] Login attempt for user: EJQ001
[2025-04-07T17:05:35.957Z] [INFO] User EJQ001 authenticated successfully.
[2025-04-07T17:05:55.710Z] [INFO] Login attempt for user: EJQ001
[2025-04-07T17:05:56.442Z] [INFO] User EJQ001 authenticated successfully.
[2025-04-07T17:08:24.738Z] [INFO] Login attempt for user: EJQ001
[2025-04-07T17:08:30.594Z] [INFO] User EJQ001 authenticated successfully.
[2025-04-07T17:09:45.831Z] [INFO] Login attempt for user: EJQ001
[2025-04-07T17:09:46.496Z] [INFO] User EJQ001 authenticated successfully.
[2025-04-07T17:24:13.347Z] [INFO] Login attempt for user: EJQ001
[2025-04-07T17:24:14.981Z] [INFO] User EJQ001 authenticated successfully.
[2025-04-07T17:27:04.358Z] [INFO] Login attempt for user: EJQ001
[2025-04-07T17:27:05.902Z] [INFO] User EJQ001 authenticated successfully.
[2025-04-07T17:29:54.462Z] [INFO] Login attempt for user: EJQ001
[2025-04-07T17:29:55.226Z] [INFO] User EJQ001 authenticated successfully.
[2025-04-07T17:34:45.219Z] [INFO] Login attempt for user: EJQ001
[2025-04-07T17:34:45.974Z] [INFO] User EJQ001 authenticated successfully.
[2025-04-07T17:36:35.318Z] [INFO] Login attempt for user: EJQ001
[2025-04-07T17:36:36.003Z] [INFO] User EJQ001 authenticated successfully.
[2025-04-07T17:38:22.715Z] [INFO] Login attempt for user: EJQ001
[2025-04-07T17:38:23.418Z] [INFO] User EJQ001 authenticated successfully.
[2025-04-07T17:39:41.364Z] [INFO] Login attempt for user: EJQ001
[2025-04-07T17:39:42.629Z] [INFO] User EJQ001 authenticated successfully.
[2025-04-07T17:40:36.148Z] [INFO] Login attempt for user: EJQ001
[2025-04-07T17:40:36.812Z] [INFO] User EJQ001 authenticated successfully.
[2025-04-07T17:42:01.821Z] [INFO] Login attempt for user: EJQ001
[2025-04-07T17:42:02.427Z] [INFO] User EJQ001 authenticated successfully.
[2025-04-07T17:44:07.233Z] [INFO] Login attempt for user: EJQ001
[2025-04-07T17:44:08.511Z] [INFO] User EJQ001 authenticated successfully.
[2025-04-07T17:45:44.151Z] [INFO] Login attempt for user: EJQ001
[2025-04-07T17:45:44.940Z] [INFO] User EJQ001 authenticated successfully.
[2025-04-07T17:46:16.467Z] [INFO] Login attempt for user: EJQ001
[2025-04-07T17:46:17.175Z] [INFO] User EJQ001 authenticated successfully.
[2025-04-07T17:46:54.439Z] [INFO] Login attempt for user: EJQ001
[2025-04-07T17:46:55.156Z] [INFO] User EJQ001 authenticated successfully.
[2025-04-07T17:48:46.502Z] [INFO] Login attempt for user: EJQ001
[2025-04-07T17:48:47.219Z] [INFO] User EJQ001 authenticated successfully.
[2025-04-07T17:49:26.259Z] [INFO] Login attempt for user: EJQ001
[2025-04-07T17:49:27.377Z] [INFO] User EJQ001 authenticated successfully.
[2025-04-07T17:51:40.787Z] [INFO] Login attempt for user: EJQ001
[2025-04-07T17:51:41.545Z] [INFO] User EJQ001 authenticated successfully.
[2025-04-07T18:01:40.444Z] [INFO] Login attempt for user: EJQ001
[2025-04-07T18:01:41.633Z] [INFO] User EJQ001 authenticated successfully.
[2025-04-07T18:04:34.028Z] [INFO] Login attempt for user: EJQ001
[2025-04-07T18:04:34.718Z] [INFO] User EJQ001 authenticated successfully.
[2025-04-07T18:07:02.259Z] [INFO] Login attempt for user: EJQ001
[2025-04-07T18:07:02.882Z] [INFO] User EJQ001 authenticated successfully.
[2025-04-07T18:09:54.664Z] [INFO] Login attempt for user: EJQ001
[2025-04-07T18:09:55.261Z] [INFO] User EJQ001 authenticated successfully.
[2025-04-07T18:11:25.996Z] [INFO] Login attempt for user: EJQ001
[2025-04-07T18:11:26.722Z] [INFO] User EJQ001 authenticated successfully.
[2025-04-07T18:11:55.238Z] [INFO] Login attempt for user: EJQ001
[2025-04-07T18:11:55.900Z] [INFO] User EJQ001 authenticated successfully.
[2025-04-07T18:14:14.958Z] [INFO] Login attempt for user: EJQ001
[2025-04-07T18:14:15.526Z] [INFO] User EJQ001 authenticated successfully.
[2025-04-07T18:16:20.845Z] [INFO] Login attempt for user: EJQ001
[2025-04-07T18:16:21.438Z] [INFO] User EJQ001 authenticated successfully.
[2025-04-07T18:17:30.677Z] [INFO] Login attempt for user: EJQ001
[2025-04-07T18:17:31.301Z] [INFO] User EJQ001 authenticated successfully.
[2025-04-07T18:19:49.708Z] [INFO] Login attempt for user: EJQ001
[2025-04-07T18:19:50.311Z] [INFO] User EJQ001 authenticated successfully.
[2025-04-07T18:34:29.317Z] [INFO] Login attempt for user: EJQ001
[2025-04-07T18:34:29.901Z] [INFO] User EJQ001 authenticated successfully.
[2025-04-07T18:37:02.646Z] [INFO] Login attempt for user: EJQ001
[2025-04-07T18:37:03.309Z] [INFO] User EJQ001 authenticated successfully.
[2025-04-07T18:47:00.701Z] [INFO] Login attempt for user: EJQ001
[2025-04-07T18:47:01.381Z] [INFO] User EJQ001 authenticated successfully.
[2025-04-07T18:49:35.935Z] [INFO] User logged out
[2025-04-07T18:49:39.564Z] [INFO] Login attempt for user: EJQ001
[2025-04-07T18:49:40.267Z] [INFO] User EJQ001 authenticated successfully.
[2025-04-07T18:50:03.526Z] [INFO] Login attempt for user: EJQ001
[2025-04-07T18:50:04.103Z] [INFO] User EJQ001 authenticated successfully.
[2025-04-07T18:52:15.190Z] [INFO] Login attempt for user: EJQ001
[2025-04-07T18:52:15.868Z] [INFO] User EJQ001 authenticated successfully.
[2025-04-07T18:58:46.204Z] [INFO] Login attempt for user: EJQ001
[2025-04-07T18:58:46.874Z] [INFO] User EJQ001 authenticated successfully.
[2025-04-07T18:59:17.037Z] [INFO] Login attempt for user: EJQ001
[2025-04-07T18:59:17.699Z] [INFO] User EJQ001 authenticated successfully.
[2025-04-07T18:59:41.741Z] [INFO] Login attempt for user: EJQ001
[2025-04-07T18:59:42.477Z] [INFO] User EJQ001 authenticated successfully.
[2025-04-07T19:00:19.612Z] [INFO] Login attempt for user: EJQ001
[2025-04-07T19:00:20.929Z] [INFO] User EJQ001 authenticated successfully.
[2025-04-07T19:00:37.076Z] [INFO] Login attempt for user: EJQ001
[2025-04-07T19:00:37.704Z] [INFO] User EJQ001 authenticated successfully.
[2025-04-07T19:01:35.990Z] [INFO] Login attempt for user: EJQ001
[2025-04-07T19:01:36.964Z] [INFO] User EJQ001 authenticated successfully.
[2025-04-07T19:08:44.951Z] [INFO] Login attempt for user: EJQ001
[2025-04-07T19:08:45.547Z] [INFO] User EJQ001 authenticated successfully.
[2025-04-07T19:22:51.067Z] [INFO] Login attempt for user: EJQ001
[2025-04-07T19:22:52.542Z] [INFO] User EJQ001 authenticated successfully.
[2025-04-07T19:25:51.293Z] [INFO] Login attempt for user: EJQ001
[2025-04-07T19:25:51.981Z] [INFO] User EJQ001 authenticated successfully.
[2025-04-07T19:33:15.037Z] [INFO] Login attempt for user: EJQ001
[2025-04-07T19:33:15.727Z] [INFO] User EJQ001 authenticated successfully.
[2025-04-07T19:49:44.586Z] [INFO] Login attempt for user: EJQ001
[2025-04-07T19:49:45.237Z] [INFO] User EJQ001 authenticated successfully.
[2025-04-07T19:55:01.559Z] [INFO] Login attempt for user: EJQ001
[2025-04-07T19:55:02.270Z] [INFO] User EJQ001 authenticated successfully.
[2025-04-07T19:56:27.070Z] [INFO] Login attempt for user: EJQ001
[2025-04-07T19:56:27.724Z] [INFO] User EJQ001 authenticated successfully.
[2025-04-07T20:01:14.277Z] [INFO] Login attempt for user: EJQ001
[2025-04-07T20:01:14.923Z] [INFO] User EJQ001 authenticated successfully.
[2025-04-07T20:01:44.806Z] [INFO] Login attempt for user: EJQ001
[2025-04-07T20:01:45.578Z] [INFO] User EJQ001 authenticated successfully.
[2025-04-07T20:05:47.050Z] [INFO] Login attempt for user: EJQ001
[2025-04-07T20:05:47.608Z] [INFO] User EJQ001 authenticated successfully.
[2025-04-07T20:17:34.967Z] [INFO] Login attempt for user: EJQ001
[2025-04-07T20:17:36.278Z] [INFO] User EJQ001 authenticated successfully.
[2025-04-07T20:33:44.864Z] [INFO] Login attempt for user: EJQ001
[2025-04-07T20:33:45.879Z] [INFO] User EJQ001 authenticated successfully.
[2025-04-07T20:34:04.865Z] [INFO] Login attempt for user: EJQ001
[2025-04-07T20:34:10.200Z] [INFO] Login attempt for user: EJQ001
[2025-04-07T20:34:10.791Z] [INFO] User EJQ001 authenticated successfully.
[2025-04-07T20:34:52.736Z] [INFO] Login attempt for user: EJQ001
[2025-04-07T20:34:53.380Z] [INFO] User EJQ001 authenticated successfully.
[2025-04-07T20:35:03.739Z] [INFO] User logged out
[2025-04-07T20:35:24.225Z] [INFO] Login attempt for user: WAC001
[2025-04-07T20:35:29.945Z] [INFO] Login attempt for user: WAC001
[2025-04-07T20:35:35.826Z] [INFO] Login attempt for user: EJQ001
[2025-04-07T20:35:36.500Z] [INFO] User EJQ001 authenticated successfully.
[2025-04-07T20:35:50.339Z] [INFO] User logged out
[2025-04-07T20:35:56.425Z] [INFO] Login attempt for user: LJP001
[2025-04-07T20:35:56.954Z] [INFO] User LJP001 authenticated successfully.
[2025-04-07T20:36:12.412Z] [INFO] User logged out
[2025-04-07T20:36:16.036Z] [INFO] Login attempt for user: EJQ001
[2025-04-07T20:36:16.585Z] [INFO] User EJQ001 authenticated successfully.
[2025-04-07T20:37:50.210Z] [INFO] Login attempt for user: EJQ001
[2025-04-07T20:37:50.794Z] [INFO] User EJQ001 authenticated successfully.
[2025-04-07T20:37:58.018Z] [INFO] User logged out
[2025-04-07T20:38:07.808Z] [INFO] Login attempt for user: LJP001
[2025-04-07T20:38:08.405Z] [INFO] User LJP001 authenticated successfully.
[2025-04-07T20:41:32.838Z] [INFO] User logged out
[2025-04-07T20:41:36.139Z] [INFO] Login attempt for user: EJQ001
[2025-04-07T20:41:37.133Z] [INFO] User EJQ001 authenticated successfully.
[2025-04-07T20:44:31.576Z] [INFO] Login attempt for user: EJQ001
[2025-04-07T20:44:32.129Z] [INFO] User EJQ001 authenticated successfully.
[2025-04-07T21:04:53.867Z] [INFO] Login attempt for user: EJQ001
[2025-04-07T21:04:55.865Z] [INFO] User EJQ001 authenticated successfully.
[2025-04-07T21:05:55.482Z] [INFO] Login attempt for user: EJQ001
[2025-04-07T21:05:57.115Z] [INFO] User EJQ001 authenticated successfully.
[2025-04-07T22:44:01.216Z] [INFO] Login attempt for user: EJQ001
[2025-04-07T22:44:02.377Z] [INFO] User EJQ001 authenticated successfully.
[2025-04-07T22:51:01.720Z] [INFO] Login attempt for user: EJQ001
[2025-04-07T22:51:02.362Z] [INFO] User EJQ001 authenticated successfully.
[2025-04-08T14:20:54.455Z] [INFO] Login attempt for user: EJQ001
[2025-04-08T14:21:07.759Z] [INFO] Login attempt for user: EJQ001
[2025-04-08T14:21:08.461Z] [INFO] User EJQ001 authenticated successfully.
[2025-04-08T15:30:51.479Z] [INFO] Login attempt for user: EJQ001
[2025-04-08T15:30:57.762Z] [INFO] User EJQ001 authenticated successfully.
[2025-04-08T15:53:34.371Z] [INFO] Login attempt for user: EJQ001
[2025-04-08T15:53:36.335Z] [INFO] User EJQ001 authenticated successfully.
[2025-04-08T15:56:29.286Z] [INFO] Login attempt for user: EJQ001
[2025-04-08T15:56:30.068Z] [INFO] User EJQ001 authenticated successfully.
[2025-04-08T16:01:16.485Z] [INFO] Login attempt for user: EJQ001
[2025-04-08T16:01:17.194Z] [INFO] User EJQ001 authenticated successfully.
[2025-04-08T16:14:17.705Z] [INFO] Login attempt for user: EJQ001
[2025-04-08T16:14:18.790Z] [INFO] User EJQ001 authenticated successfully.
[2025-04-08T16:15:28.638Z] [INFO] Login attempt for user: EJQ001
[2025-04-08T16:15:29.231Z] [INFO] User EJQ001 authenticated successfully.
[2025-04-08T16:20:23.235Z] [INFO] Login attempt for user: EJQ001
[2025-04-08T16:20:23.861Z] [INFO] User EJQ001 authenticated successfully.
[2025-04-08T16:23:22.637Z] [INFO] Login attempt for user: EJQ001
[2025-04-08T16:23:28.206Z] [INFO] Login attempt for user: EJQ001
[2025-04-08T16:23:28.883Z] [INFO] User EJQ001 authenticated successfully.
[2025-04-08T16:50:47.886Z] [INFO] Login attempt for user: EJQ001
[2025-04-08T16:50:49.066Z] [INFO] User EJQ001 authenticated successfully.
[2025-04-08T16:53:23.129Z] [INFO] Login attempt for user: EJQ001
[2025-04-08T16:53:23.672Z] [INFO] User EJQ001 authenticated successfully.
[2025-04-08T17:14:57.026Z] [INFO] Login attempt for user: EJQ001
[2025-04-08T17:14:57.709Z] [INFO] User EJQ001 authenticated successfully.
[2025-04-08T17:41:29.181Z] [INFO] Login attempt for user: EJQ001
[2025-04-08T17:41:30.124Z] [INFO] User EJQ001 authenticated successfully.
[2025-04-08T17:42:30.652Z] [INFO] Login attempt for user: EJQ001
[2025-04-08T17:42:33.192Z] [INFO] User EJQ001 authenticated successfully.
[2025-04-08T17:48:06.798Z] [INFO] Login attempt for user: EJQ001
[2025-04-08T17:48:07.489Z] [INFO] User EJQ001 authenticated successfully.
[2025-04-08T18:46:37.321Z] [INFO] Login attempt for user: EJQ001
[2025-04-08T18:46:38.608Z] [INFO] User EJQ001 authenticated successfully.
[2025-04-08T19:01:23.444Z] [INFO] Login attempt for user: EJQ001
[2025-04-08T19:01:24.058Z] [INFO] User EJQ001 authenticated successfully.
[2025-04-08T19:02:36.633Z] [INFO] Login attempt for user: EJQ001
[2025-04-08T19:02:37.269Z] [INFO] User EJQ001 authenticated successfully.
[2025-04-08T19:03:46.965Z] [INFO] Login attempt for user: EJQ001
[2025-04-08T19:03:47.550Z] [INFO] User EJQ001 authenticated successfully.
[2025-04-08T19:05:34.696Z] [INFO] Login attempt for user: EJQ001
[2025-04-08T19:05:35.292Z] [INFO] User EJQ001 authenticated successfully.
[2025-04-08T19:09:50.030Z] [INFO] Login attempt for user: EJQ001
[2025-04-08T19:09:50.758Z] [INFO] User EJQ001 authenticated successfully.
[2025-04-08T19:11:32.656Z] [INFO] Login attempt for user: EJQ001
[2025-04-08T19:11:33.257Z] [INFO] User EJQ001 authenticated successfully.
[2025-04-08T19:12:25.911Z] [INFO] Login attempt for user: EJQ001
[2025-04-08T19:12:26.583Z] [INFO] User EJQ001 authenticated successfully.
[2025-04-08T19:13:35.241Z] [INFO] Login attempt for user: EJQ001
[2025-04-08T19:13:35.812Z] [INFO] User EJQ001 authenticated successfully.
[2025-04-08T19:16:48.334Z] [INFO] Login attempt for user: EJQ001
[2025-04-08T19:16:48.917Z] [INFO] User EJQ001 authenticated successfully.
[2025-04-08T19:27:20.872Z] [INFO] Login attempt for user: EJQ001
[2025-04-08T19:27:21.560Z] [INFO] User EJQ001 authenticated successfully.
[2025-04-08T19:52:42.140Z] [INFO] Login attempt for user: EJQ001
[2025-04-08T19:52:42.813Z] [INFO] User EJQ001 authenticated successfully.
[2025-04-08T19:56:16.845Z] [INFO] Login attempt for user: EJQ001
[2025-04-08T19:56:17.490Z] [INFO] User EJQ001 authenticated successfully.
[2025-04-08T20:18:22.840Z] [INFO] Login attempt for user: EJQ001
[2025-04-08T20:18:23.694Z] [INFO] User EJQ001 authenticated successfully.
[2025-04-08T20:19:37.668Z] [INFO] Login attempt for user: EJQ001
[2025-04-08T20:19:38.408Z] [INFO] User EJQ001 authenticated successfully.
[2025-04-08T20:33:43.736Z] [INFO] Login attempt for user: EJQ001
[2025-04-08T20:33:44.724Z] [INFO] User EJQ001 authenticated successfully.
[2025-04-08T21:14:29.960Z] [INFO] Login attempt for user: EJQ001
[2025-04-08T21:14:30.630Z] [INFO] User EJQ001 authenticated successfully.
[2025-04-08T21:17:47.270Z] [INFO] Login attempt for user: EJQ001
[2025-04-08T21:17:47.879Z] [INFO] User EJQ001 authenticated successfully.
[2025-04-08T21:20:00.600Z] [INFO] Login attempt for user: EJQ001
[2025-04-08T21:20:01.309Z] [INFO] User EJQ001 authenticated successfully.
[2025-04-08T21:21:54.787Z] [INFO] Login attempt for user: EJQ001
[2025-04-08T21:21:55.376Z] [INFO] User EJQ001 authenticated successfully.
[2025-04-08T21:22:43.627Z] [INFO] Login attempt for user: EJQ001
[2025-04-08T21:22:44.194Z] [INFO] User EJQ001 authenticated successfully.
[2025-04-08T21:26:49.288Z] [INFO] Login attempt for user: EJQ001
[2025-04-08T21:26:49.959Z] [INFO] User EJQ001 authenticated successfully.
[2025-04-08T21:28:27.603Z] [INFO] Login attempt for user: EJQ001
[2025-04-08T21:28:28.140Z] [INFO] User EJQ001 authenticated successfully.
[2025-04-08T21:29:52.657Z] [INFO] Login attempt for user: EJQ001
[2025-04-08T21:29:53.492Z] [INFO] User EJQ001 authenticated successfully.
[2025-04-08T22:27:19.754Z] [INFO] Login attempt for user: EJQ001
[2025-04-08T22:27:20.554Z] [INFO] User EJQ001 authenticated successfully.
[2025-04-10T16:02:43.040Z] [INFO] Login attempt for user: EJQ001
[2025-04-10T16:02:44.048Z] [INFO] User EJQ001 authenticated successfully.
[2025-04-10T16:29:44.723Z] [INFO] Login attempt for user: EJQ001
[2025-04-10T16:29:45.466Z] [INFO] User EJQ001 authenticated successfully.
[2025-04-10T16:31:21.611Z] [INFO] Login attempt for user: EJQ001
[2025-04-10T16:31:22.298Z] [INFO] User EJQ001 authenticated successfully.
[2025-04-10T16:31:48.435Z] [INFO] Login attempt for user: EJQ001
[2025-04-10T16:31:53.269Z] [INFO] Login attempt for user: EJQ001
[2025-04-10T16:31:53.862Z] [INFO] User EJQ001 authenticated successfully.
[2025-04-10T16:33:08.705Z] [INFO] Login attempt for user: EJQ001
[2025-04-10T16:33:09.388Z] [INFO] User EJQ001 authenticated successfully.
[2025-04-10T16:34:11.727Z] [INFO] Login attempt for user: EJQ001
[2025-04-10T16:34:12.322Z] [INFO] User EJQ001 authenticated successfully.
[2025-04-10T16:49:50.252Z] [INFO] Login attempt for user: EJQ001
[2025-04-10T16:49:50.937Z] [INFO] User EJQ001 authenticated successfully.
[2025-04-10T16:59:15.537Z] [INFO] User logged out
[2025-04-10T16:59:20.046Z] [INFO] Login attempt for user: EJQ001
[2025-04-10T16:59:25.319Z] [INFO] Login attempt for user: EJQ001
[2025-04-10T16:59:25.945Z] [INFO] User EJQ001 authenticated successfully.
[2025-04-10T17:05:42.756Z] [INFO] Login attempt for user: EJQ001
[2025-04-10T17:05:43.641Z] [INFO] User EJQ001 authenticated successfully.
[2025-04-10T17:14:31.311Z] [INFO] Login attempt for user: EJQ001
[2025-04-10T17:14:31.918Z] [INFO] User EJQ001 authenticated successfully.
[2025-04-10T18:44:21.586Z] [INFO] Login attempt for user: EJQ001
[2025-04-10T18:44:22.275Z] [INFO] User EJQ001 authenticated successfully.
[2025-04-10T19:14:46.335Z] [INFO] Login attempt for user: EJQ001
[2025-04-10T19:14:46.949Z] [INFO] User EJQ001 authenticated successfully.
[2025-04-10T19:20:18.957Z] [INFO] Login attempt for user: EJQ001
[2025-04-10T19:20:19.586Z] [INFO] User EJQ001 authenticated successfully.
[2025-04-10T19:24:34.415Z] [INFO] Login attempt for user: EJQ001
[2025-04-10T19:24:35.113Z] [INFO] User EJQ001 authenticated successfully.
[2025-04-10T20:16:41.558Z] [INFO] Login attempt for user: EJQ001
[2025-04-10T20:16:42.211Z] [INFO] User EJQ001 authenticated successfully.
[2025-04-10T21:14:05.528Z] [INFO] Login attempt for user: EJQ001
[2025-04-10T21:14:06.111Z] [INFO] User EJQ001 authenticated successfully.
[2025-04-10T21:24:27.808Z] [INFO] Login attempt for user: EJQ001
[2025-04-10T21:24:28.490Z] [INFO] User EJQ001 authenticated successfully.
[2025-04-11T14:47:20.123Z] [INFO] Login attempt for user: EJQ001
[2025-04-11T14:47:20.713Z] [INFO] User EJQ001 authenticated successfully.
[2025-04-11T14:48:21.020Z] [INFO] Login attempt for user: EJQ001
[2025-04-11T14:48:21.657Z] [INFO] User EJQ001 authenticated successfully.
[2025-04-11T15:46:00.029Z] [INFO] Login attempt for user: EJQ001
[2025-04-11T15:46:00.670Z] [INFO] User EJQ001 authenticated successfully.
[2025-04-11T15:49:26.620Z] [INFO] Login attempt for user: EJQ001
[2025-04-11T15:49:27.177Z] [INFO] User EJQ001 authenticated successfully.
[2025-04-11T15:51:51.750Z] [INFO] Login attempt for user: EJQ001
[2025-04-11T15:51:52.355Z] [INFO] User EJQ001 authenticated successfully.
[2025-04-11T15:58:14.551Z] [INFO] Login attempt for user: EJQ001
[2025-04-11T15:58:15.229Z] [INFO] User EJQ001 authenticated successfully.
[2025-04-11T16:02:36.495Z] [INFO] Login attempt for user: EJQ001
[2025-04-11T16:02:37.562Z] [INFO] User EJQ001 authenticated successfully.
[2025-04-11T16:12:41.644Z] [INFO] Login attempt for user: EJQ001
[2025-04-11T16:12:42.324Z] [INFO] User EJQ001 authenticated successfully.
[2025-04-11T16:14:42.930Z] [INFO] Login attempt for user: EJQ001
[2025-04-11T16:14:43.636Z] [INFO] User EJQ001 authenticated successfully.
[2025-04-11T16:15:07.880Z] [INFO] Login attempt for user: EJQ001
[2025-04-11T16:15:08.581Z] [INFO] User EJQ001 authenticated successfully.
[2025-04-11T16:16:50.315Z] [INFO] Login attempt for user: EJQ001
[2025-04-11T16:16:50.922Z] [INFO] User EJQ001 authenticated successfully.
[2025-04-11T16:17:40.658Z] [INFO] Login attempt for user: EJQ001
[2025-04-11T16:17:41.308Z] [INFO] User EJQ001 authenticated successfully.
[2025-04-11T16:21:15.684Z] [INFO] Login attempt for user: EJQ001
[2025-04-11T16:21:19.392Z] [INFO] Login attempt for user: EJQ001
[2025-04-11T16:21:19.943Z] [INFO] User EJQ001 authenticated successfully.
[2025-04-11T16:24:12.163Z] [INFO] Login attempt for user: EJQ001
[2025-04-11T16:24:12.764Z] [INFO] User EJQ001 authenticated successfully.
[2025-04-11T16:25:55.302Z] [INFO] Login attempt for user: EJQ001
[2025-04-11T16:25:55.907Z] [INFO] User EJQ001 authenticated successfully.
[2025-04-11T16:35:47.044Z] [INFO] Login attempt for user: EJQ001
[2025-04-11T16:35:47.776Z] [INFO] User EJQ001 authenticated successfully.
[2025-04-11T17:03:05.408Z] [INFO] Login attempt for user: EJQ001
[2025-04-11T17:03:06.028Z] [INFO] User EJQ001 authenticated successfully.
[2025-04-11T17:04:35.516Z] [INFO] Login attempt for user: EJQ001
[2025-04-11T17:04:36.188Z] [INFO] User EJQ001 authenticated successfully.
[2025-04-11T17:05:32.536Z] [INFO] Login attempt for user: EJQ001
[2025-04-11T17:05:33.210Z] [INFO] User EJQ001 authenticated successfully.
[2025-04-11T17:06:10.443Z] [INFO] Login attempt for user: EJQ001
[2025-04-11T17:06:11.641Z] [INFO] User EJQ001 authenticated successfully.
[2025-04-11T17:07:26.741Z] [INFO] Login attempt for user: EJQ001
[2025-04-11T17:07:27.310Z] [INFO] User EJQ001 authenticated successfully.
[2025-04-11T17:08:44.842Z] [INFO] Login attempt for user: EJQ001
[2025-04-11T17:08:45.502Z] [INFO] User EJQ001 authenticated successfully.
[2025-04-11T17:15:44.507Z] [INFO] Login attempt for user: EJQ001
[2025-04-11T17:15:45.555Z] [INFO] User EJQ001 authenticated successfully.
[2025-04-11T17:39:35.739Z] [INFO] Login attempt for user: EJQ001
[2025-04-11T17:39:36.503Z] [INFO] User EJQ001 authenticated successfully.
[2025-04-11T17:39:39.511Z] [INFO] User logged out
[2025-04-11T17:40:44.404Z] [INFO] Login attempt for user: WOC001
[2025-04-11T17:40:45.077Z] [INFO] User WOC001 authenticated successfully.
[2025-04-11T17:43:33.588Z] [INFO] Login attempt for user: WOC001
[2025-04-11T17:43:34.355Z] [INFO] User WOC001 authenticated successfully.
[2025-04-11T17:47:26.919Z] [INFO] User logged out
[2025-04-11T17:47:30.375Z] [INFO] Login attempt for user: EJQ001
[2025-04-11T17:47:31.007Z] [INFO] User EJQ001 authenticated successfully.
[2025-04-11T17:47:52.213Z] [INFO] User logged out
[2025-04-11T17:47:57.557Z] [INFO] Login attempt for user: WOC001
[2025-04-11T17:47:58.218Z] [INFO] User WOC001 authenticated successfully.
[2025-04-11T17:49:29.569Z] [INFO] User logged out
[2025-04-11T17:49:33.022Z] [INFO] Login attempt for user: EJQ001
[2025-04-11T17:49:33.906Z] [INFO] User EJQ001 authenticated successfully.
[2025-04-11T17:49:43.448Z] [INFO] User logged out
[2025-04-11T18:39:12.169Z] [INFO] Login attempt for user: EJQ001
[2025-04-11T18:39:13.596Z] [INFO] User EJQ001 authenticated successfully.
[2025-04-11T18:47:06.331Z] [INFO] Login attempt for user: EJQ001
[2025-04-11T18:47:07.226Z] [INFO] User EJQ001 authenticated successfully.
[2025-04-11T19:04:52.585Z] [INFO] Login attempt for user: EJQ001
[2025-04-11T19:04:53.273Z] [INFO] User EJQ001 authenticated successfully.
[2025-04-11T19:16:38.490Z] [INFO] User logged out
[2025-04-11T19:16:44.006Z] [INFO] Login attempt for user: WOC001
[2025-04-11T19:16:44.585Z] [INFO] User WOC001 authenticated successfully.
[2025-04-11T19:17:14.514Z] [INFO] User logged out
[2025-04-11T19:21:45.922Z] [INFO] Login attempt for user: EJQ001
[2025-04-11T19:21:53.335Z] [INFO] Login attempt for user: EJQ001
[2025-04-11T19:21:53.939Z] [INFO] User EJQ001 authenticated successfully.
[2025-04-11T19:47:59.957Z] [INFO] Login attempt for user: EJQ001
[2025-04-11T19:48:00.689Z] [INFO] User EJQ001 authenticated successfully.
[2025-04-11T19:50:40.134Z] [INFO] Login attempt for user: EJQ001
[2025-04-11T19:50:40.715Z] [INFO] User EJQ001 authenticated successfully.
[2025-04-11T19:52:54.212Z] [INFO] Login attempt for user: EJQ001
[2025-04-11T19:52:54.756Z] [INFO] User EJQ001 authenticated successfully.
[2025-04-11T20:01:29.484Z] [INFO] Login attempt for user: EJQ001
[2025-04-11T20:01:30.206Z] [INFO] User EJQ001 authenticated successfully.
[2025-04-11T20:09:28.921Z] [INFO] Login attempt for user: EJQ001
[2025-04-11T20:09:29.622Z] [INFO] User EJQ001 authenticated successfully.
[2025-04-11T20:11:34.399Z] [INFO] Login attempt for user: EJQ001
[2025-04-11T20:11:35.141Z] [INFO] User EJQ001 authenticated successfully.
[2025-04-11T20:12:39.373Z] [INFO] Login attempt for user: EJQ001
[2025-04-11T20:12:41.469Z] [INFO] User EJQ001 authenticated successfully.
[2025-04-11T20:13:55.356Z] [INFO] Login attempt for user: EJQ001
[2025-04-11T20:13:56.189Z] [INFO] User EJQ001 authenticated successfully.
[2025-04-11T20:14:08.222Z] [INFO] Login attempt for user: EJQ001
[2025-04-11T20:14:08.868Z] [INFO] User EJQ001 authenticated successfully.
[2025-04-11T20:14:21.164Z] [INFO] Login attempt for user: EJQ001
[2025-04-11T20:14:21.735Z] [INFO] User EJQ001 authenticated successfully.
[2025-04-11T20:16:44.364Z] [INFO] Login attempt for user: EJQ001
[2025-04-11T20:16:45.016Z] [INFO] User EJQ001 authenticated successfully.
[2025-04-11T20:51:08.046Z] [INFO] Login attempt for user: EJQ001
[2025-04-11T20:51:08.959Z] [INFO] User EJQ001 authenticated successfully.
[2025-04-11T20:52:50.520Z] [INFO] Login attempt for user: EJQ001
[2025-04-11T20:52:51.125Z] [INFO] User EJQ001 authenticated successfully.
[2025-04-11T20:54:39.189Z] [INFO] Login attempt for user: EJQ001
[2025-04-11T20:54:39.811Z] [INFO] User EJQ001 authenticated successfully.
[2025-04-11T21:00:34.157Z] [INFO] Login attempt for user: EJQ001
[2025-04-11T21:00:34.870Z] [INFO] User EJQ001 authenticated successfully.
[2025-04-11T21:28:31.917Z] [INFO] Login attempt for user: EJQ001
[2025-04-11T21:28:32.543Z] [INFO] User EJQ001 authenticated successfully.
[2025-04-11T21:37:54.846Z] [INFO] Login attempt for user: EJQ001
[2025-04-11T21:37:55.439Z] [INFO] User EJQ001 authenticated successfully.
[2025-04-11T21:52:56.676Z] [INFO] Login attempt for user: EJQ001
[2025-04-11T21:52:57.267Z] [INFO] User EJQ001 authenticated successfully.
[2025-04-11T22:04:21.509Z] [INFO] Login attempt for user: EJQ001
[2025-04-11T22:04:22.110Z] [INFO] User EJQ001 authenticated successfully.
[2025-04-11T22:06:02.227Z] [INFO] Login attempt for user: EJQ001
[2025-04-11T22:06:02.882Z] [INFO] User EJQ001 authenticated successfully.
[2025-04-14T15:20:31.092Z] [INFO] Login attempt for user: WOC001
[2025-04-14T15:20:33.434Z] [INFO] User WOC001 authenticated successfully.
[2025-04-14T15:23:29.442Z] [INFO] Login attempt for user: WOC001
[2025-04-14T15:23:30.100Z] [INFO] User WOC001 authenticated successfully.
[2025-04-14T15:37:36.231Z] [INFO] Login attempt for user: EJQ001
[2025-04-14T15:37:36.917Z] [INFO] User EJQ001 authenticated successfully.
[2025-04-14T15:53:16.731Z] [INFO] Login attempt for user: EJQ001
[2025-04-14T15:53:17.350Z] [INFO] User EJQ001 authenticated successfully.
[2025-04-14T16:14:51.982Z] [INFO] Login attempt for user: EJQ001
[2025-04-14T16:14:52.990Z] [INFO] User EJQ001 authenticated successfully.
[2025-04-14T16:26:01.252Z] [INFO] Login attempt for user: EJQ001
[2025-04-14T16:26:01.981Z] [INFO] User EJQ001 authenticated successfully.
[2025-04-14T16:36:18.938Z] [INFO] Login attempt for user: EJQ001
[2025-04-14T16:36:20.116Z] [INFO] User EJQ001 authenticated successfully.
[2025-04-14T16:36:39.487Z] [INFO] Login attempt for user: EJQ001
[2025-04-14T16:36:40.175Z] [INFO] User EJQ001 authenticated successfully.
[2025-04-14T16:39:38.229Z] [INFO] Login attempt for user: EJQ001
[2025-04-14T16:39:42.826Z] [INFO] Login attempt for user: EJQ001
[2025-04-14T16:39:43.809Z] [INFO] User EJQ001 authenticated successfully.
[2025-04-14T16:51:01.144Z] [INFO] Login attempt for user: EJQ001
[2025-04-14T16:51:01.823Z] [INFO] User EJQ001 authenticated successfully.
[2025-04-14T18:23:11.414Z] [INFO] Login attempt for user: EJQ001
[2025-04-14T18:23:12.465Z] [INFO] User EJQ001 authenticated successfully.
[2025-04-14T18:28:39.858Z] [INFO] Login attempt for user: EJQ001
[2025-04-14T18:28:40.420Z] [INFO] User EJQ001 authenticated successfully.
[2025-04-14T18:31:49.417Z] [INFO] Login attempt for user: EJQ001
[2025-04-14T18:31:50.034Z] [INFO] User EJQ001 authenticated successfully.
[2025-04-14T18:34:28.669Z] [INFO] Login attempt for user: EJQ001
[2025-04-14T18:34:29.314Z] [INFO] User EJQ001 authenticated successfully.
[2025-04-14T18:40:05.967Z] [INFO] Login attempt for user: EJQ001
[2025-04-14T18:40:06.659Z] [INFO] User EJQ001 authenticated successfully.
[2025-04-14T18:46:07.609Z] [INFO] Login attempt for user: EJQ001
[2025-04-14T18:46:08.198Z] [INFO] User EJQ001 authenticated successfully.
[2025-04-14T19:00:36.430Z] [INFO] Login attempt for user: EJQ001
[2025-04-14T19:00:37.262Z] [INFO] User EJQ001 authenticated successfully.
[2025-04-14T19:03:55.286Z] [INFO] Login attempt for user: EJQ001
[2025-04-14T19:03:55.882Z] [INFO] User EJQ001 authenticated successfully.
[2025-04-14T19:11:18.794Z] [INFO] Login attempt for user: EJQ001
[2025-04-14T19:11:19.598Z] [INFO] User EJQ001 authenticated successfully.
[2025-04-14T19:22:30.057Z] [INFO] Login attempt for user: EJQ001
[2025-04-14T19:22:30.635Z] [INFO] User EJQ001 authenticated successfully.
[2025-04-14T19:24:59.949Z] [INFO] Login attempt for user: EJQ001
[2025-04-14T19:25:00.520Z] [INFO] User EJQ001 authenticated successfully.
[2025-04-14T19:54:21.277Z] [INFO] Login attempt for user: EJQ001
[2025-04-14T19:54:21.947Z] [INFO] User EJQ001 authenticated successfully.
[2025-04-14T20:09:14.524Z] [INFO] Login attempt for user: EJQ001
[2025-04-14T20:09:15.245Z] [INFO] User EJQ001 authenticated successfully.
[2025-04-14T20:13:58.525Z] [INFO] Login attempt for user: EJQ001
[2025-04-14T20:13:59.154Z] [INFO] User EJQ001 authenticated successfully.
[2025-04-14T20:14:41.459Z] [INFO] Login attempt for user: EJQ001
[2025-04-14T20:14:42.038Z] [INFO] User EJQ001 authenticated successfully.
[2025-04-14T20:15:07.907Z] [INFO] Login attempt for user: EJQ001
[2025-04-14T20:15:08.483Z] [INFO] User EJQ001 authenticated successfully.
[2025-04-14T20:15:40.571Z] [INFO] Login attempt for user: EJQ001
[2025-04-14T20:15:41.172Z] [INFO] User EJQ001 authenticated successfully.
[2025-04-14T20:18:37.659Z] [INFO] Login attempt for user: EJQ001
[2025-04-14T20:18:38.231Z] [INFO] User EJQ001 authenticated successfully.
[2025-04-14T20:38:24.189Z] [INFO] Login attempt for user: EJQ001
[2025-04-14T20:38:24.826Z] [INFO] User EJQ001 authenticated successfully.
[2025-04-14T20:44:00.628Z] [INFO] Login attempt for user: EJQ001
[2025-04-14T20:44:01.156Z] [INFO] User EJQ001 authenticated successfully.
[2025-04-14T20:47:42.768Z] [INFO] Login attempt for user: EJQ001
[2025-04-14T20:47:43.340Z] [INFO] User EJQ001 authenticated successfully.
[2025-04-14T21:23:53.007Z] [INFO] Login attempt for user: EJQ001
[2025-04-14T21:23:55.034Z] [INFO] User EJQ001 authenticated successfully.
[2025-04-14T21:28:25.656Z] [INFO] Login attempt for user: EJQ001
[2025-04-14T21:28:26.353Z] [INFO] User EJQ001 authenticated successfully.
[2025-04-15T14:48:16.729Z] [INFO] Login attempt for user: EJQ001
[2025-04-15T14:48:19.294Z] [INFO] User EJQ001 authenticated successfully.
[2025-04-15T14:56:15.869Z] [INFO] User logged out
[2025-04-15T14:56:24.214Z] [INFO] Login attempt for user: WOC001
[2025-04-15T14:56:24.762Z] [INFO] User WOC001 authenticated successfully.
[2025-04-15T15:31:19.425Z] [INFO] Login attempt for user: EJQ001
[2025-04-15T15:31:20.999Z] [INFO] User EJQ001 authenticated successfully.
[2025-04-15T15:32:11.356Z] [INFO] User logged out
[2025-04-15T15:32:17.212Z] [INFO] Login attempt for user: WOC001
[2025-04-15T15:32:17.755Z] [INFO] User WOC001 authenticated successfully.
[2025-04-15T15:42:44.478Z] [INFO] User logged out
[2025-04-15T15:42:47.453Z] [INFO] Login attempt for user: EJQ001
[2025-04-15T15:42:48.056Z] [INFO] User EJQ001 authenticated successfully.
[2025-04-15T15:42:53.182Z] [INFO] User logged out
[2025-04-15T15:42:59.029Z] [INFO] Login attempt for user: WOC001
[2025-04-15T15:42:59.621Z] [INFO] User WOC001 authenticated successfully.
[2025-04-15T15:52:37.915Z] [INFO] Login attempt for user: EJQ001
[2025-04-15T15:52:38.635Z] [INFO] User EJQ001 authenticated successfully.
[2025-04-15T15:52:46.542Z] [INFO] User logged out
[2025-04-15T15:52:51.914Z] [INFO] Login attempt for user: WOC001
[2025-04-15T15:52:52.587Z] [INFO] User WOC001 authenticated successfully.
[2025-04-15T15:53:56.509Z] [INFO] User logged out
[2025-04-15T15:54:00.144Z] [INFO] Login attempt for user: EJQ001
[2025-04-15T15:54:00.714Z] [INFO] User EJQ001 authenticated successfully.
[2025-04-15T16:01:59.892Z] [INFO] User logged out
[2025-04-15T16:02:05.060Z] [INFO] Login attempt for user: WOC001
[2025-04-15T16:02:05.742Z] [INFO] User WOC001 authenticated successfully.
[2025-04-15T16:05:36.768Z] [INFO] Login attempt for user: EJQ001
[2025-04-15T16:05:37.474Z] [INFO] User EJQ001 authenticated successfully.
[2025-04-15T16:05:43.123Z] [INFO] User logged out
[2025-04-15T16:05:47.554Z] [INFO] Login attempt for user: WOC001
[2025-04-15T16:05:48.140Z] [INFO] User WOC001 authenticated successfully.
[2025-04-15T16:17:05.731Z] [INFO] User logged out
[2025-04-15T16:17:09.772Z] [INFO] Login attempt for user: EJQ001
[2025-04-15T16:17:10.378Z] [INFO] User EJQ001 authenticated successfully.
[2025-04-15T16:24:52.648Z] [INFO] Login attempt for user: EJQ001
[2025-04-15T16:24:53.330Z] [INFO] User EJQ001 authenticated successfully.
[2025-04-15T16:25:37.847Z] [INFO] Login attempt for user: EJQ001
[2025-04-15T16:25:38.392Z] [INFO] User EJQ001 authenticated successfully.
[2025-04-15T16:28:10.048Z] [INFO] Login attempt for user: EJQ001
[2025-04-15T16:28:10.612Z] [INFO] User EJQ001 authenticated successfully.
[2025-04-15T16:29:23.280Z] [INFO] Login attempt for user: EJQ001
[2025-04-15T16:29:23.982Z] [INFO] User EJQ001 authenticated successfully.
[2025-04-15T16:31:43.241Z] [INFO] Login attempt for user: EJQ001
[2025-04-15T16:31:43.972Z] [INFO] User EJQ001 authenticated successfully.
[2025-04-15T16:35:20.851Z] [INFO] Login attempt for user: EJQ001
[2025-04-15T16:35:21.526Z] [INFO] User EJQ001 authenticated successfully.
[2025-04-15T16:44:03.988Z] [INFO] Login attempt for user: EJQ001
[2025-04-15T16:44:04.552Z] [INFO] User EJQ001 authenticated successfully.
[2025-04-15T18:51:27.839Z] [INFO] Login attempt for user: EJQ001
[2025-04-15T18:51:30.290Z] [INFO] User EJQ001 authenticated successfully.
[2025-04-15T19:22:02.380Z] [INFO] Login attempt for user: EJQ001
[2025-04-15T19:22:02.922Z] [INFO] User EJQ001 authenticated successfully.
[2025-04-15T19:27:07.639Z] [INFO] Login attempt for user: EJQ001
[2025-04-15T19:27:08.251Z] [INFO] User EJQ001 authenticated successfully.
[2025-04-15T19:44:46.389Z] [INFO] Login attempt for user: EJQ001
[2025-04-15T19:44:47.099Z] [INFO] User EJQ001 authenticated successfully.
[2025-04-15T20:53:11.498Z] [INFO] Login attempt for user: EJQ001
[2025-04-15T20:53:12.073Z] [INFO] User EJQ001 authenticated successfully.
[2025-04-15T22:51:11.275Z] [INFO] Login attempt for user: EJQ001
[2025-04-15T22:51:13.407Z] [INFO] User EJQ001 authenticated successfully.
[2025-04-15T22:57:46.967Z] [INFO] Login attempt for user: EJQ001
[2025-04-15T22:57:47.551Z] [INFO] User EJQ001 authenticated successfully.
[2025-04-16T14:37:26.225Z] [INFO] Login attempt for user: EJQ001
[2025-04-16T14:37:29.063Z] [INFO] User EJQ001 authenticated successfully.
[2025-04-16T14:52:40.826Z] [INFO] Login attempt for user: EJQ001
[2025-04-16T14:52:41.487Z] [INFO] User EJQ001 authenticated successfully.
[2025-04-16T15:06:24.435Z] [INFO] Login attempt for user: EJQ001
[2025-04-16T15:06:25.142Z] [INFO] User EJQ001 authenticated successfully.
[2025-04-16T15:15:06.972Z] [INFO] User logged out
[2025-04-16T15:15:10.907Z] [INFO] Login attempt for user: EJQ001
[2025-04-16T15:15:11.453Z] [INFO] User EJQ001 authenticated successfully.
[2025-04-16T18:37:37.971Z] [INFO] Login attempt for user: EJQ001
[2025-04-16T18:37:38.595Z] [INFO] User EJQ001 authenticated successfully.
[2025-04-16T18:48:04.110Z] [INFO] Login attempt for user: EJQ001
[2025-04-16T18:48:04.737Z] [INFO] User EJQ001 authenticated successfully.
[2025-04-16T18:55:43.992Z] [INFO] Login attempt for user: EJQ001
[2025-04-16T18:55:44.696Z] [INFO] User EJQ001 authenticated successfully.
[2025-04-16T18:59:30.369Z] [INFO] Login attempt for user: EJQ001
[2025-04-16T18:59:31.041Z] [INFO] User EJQ001 authenticated successfully.
[2025-04-16T19:01:02.416Z] [INFO] Login attempt for user: EJQ001
[2025-04-16T19:01:03.958Z] [INFO] User EJQ001 authenticated successfully.
[2025-04-16T19:01:59.134Z] [INFO] Login attempt for user: EJQ001
[2025-04-16T19:01:59.757Z] [INFO] User EJQ001 authenticated successfully.
[2025-04-16T20:09:17.378Z] [INFO] Login attempt for user: EJQ001
[2025-04-16T20:09:18.025Z] [INFO] User EJQ001 authenticated successfully.
[2025-04-16T20:18:57.947Z] [INFO] User logged out
[2025-04-16T20:19:38.861Z] [INFO] Login attempt for user: WOC001
[2025-04-16T20:19:39.497Z] [INFO] User WOC001 authenticated successfully.
[2025-04-21T14:43:44.301Z] [INFO] Login attempt for user: EJQ001
[2025-04-21T14:43:45.277Z] [INFO] User EJQ001 authenticated successfully.
[2025-04-21T16:51:02.128Z] [INFO] Login attempt for user: EJQ001
[2025-04-21T16:51:05.527Z] [INFO] User EJQ001 authenticated successfully.
[2025-04-21T16:51:35.394Z] [INFO] Login attempt for user: EJQ001
[2025-04-21T16:51:35.973Z] [INFO] User EJQ001 authenticated successfully.
[2025-04-21T17:00:24.350Z] [INFO] Login attempt for user: EJQ001
[2025-04-21T17:00:25.066Z] [INFO] User EJQ001 authenticated successfully.
[2025-04-21T17:00:45.809Z] [INFO] Login attempt for user: EJQ001
[2025-04-21T17:00:49.926Z] [INFO] Login attempt for user: EJQ001
[2025-04-21T17:00:50.527Z] [INFO] User EJQ001 authenticated successfully.
[2025-04-21T17:09:57.827Z] [INFO] Login attempt for user: EJQ001
[2025-04-21T17:09:58.514Z] [INFO] User EJQ001 authenticated successfully.
[2025-04-21T17:21:16.563Z] [INFO] Login attempt for user: EJQ001
[2025-04-21T17:21:17.290Z] [INFO] User EJQ001 authenticated successfully.
[2025-04-21T17:34:26.027Z] [INFO] Login attempt for user: EJQ001
[2025-04-21T17:34:26.705Z] [INFO] User EJQ001 authenticated successfully.
[2025-04-21T17:39:17.010Z] [INFO] Login attempt for user: EJQ001
[2025-04-21T17:39:17.670Z] [INFO] User EJQ001 authenticated successfully.
[2025-04-21T17:46:16.970Z] [INFO] Login attempt for user: EJQ001
[2025-04-21T17:46:17.674Z] [INFO] User EJQ001 authenticated successfully.
[2025-04-21T18:51:41.982Z] [INFO] Login attempt for user: EJQ001
[2025-04-21T18:51:43.987Z] [INFO] User EJQ001 authenticated successfully.
[2025-04-21T19:03:22.993Z] [INFO] Login attempt for user: EJQ001
[2025-04-21T19:03:23.654Z] [INFO] User EJQ001 authenticated successfully.
[2025-04-21T19:09:17.096Z] [INFO] Login attempt for user: EJQ001
[2025-04-21T19:09:17.766Z] [INFO] User EJQ001 authenticated successfully.
[2025-04-21T19:10:55.673Z] [INFO] Login attempt for user: EJQ001
[2025-04-21T19:10:56.388Z] [INFO] User EJQ001 authenticated successfully.
[2025-04-21T19:11:36.643Z] [INFO] Login attempt for user: EJQ001
[2025-04-21T19:11:37.270Z] [INFO] User EJQ001 authenticated successfully.
[2025-04-21T19:12:05.282Z] [INFO] Login attempt for user: EJQ001
[2025-04-21T19:12:05.851Z] [INFO] User EJQ001 authenticated successfully.
[2025-04-21T19:25:55.401Z] [INFO] Login attempt for user: EJQ001
[2025-04-21T19:25:56.402Z] [INFO] User EJQ001 authenticated successfully.
[2025-04-21T20:36:14.458Z] [INFO] Login attempt for user: EJQ001
[2025-04-21T20:36:15.850Z] [INFO] User EJQ001 authenticated successfully.
[2025-04-22T15:17:44.254Z] [INFO] Login attempt for user: EJQ001
[2025-04-22T15:17:46.148Z] [INFO] User EJQ001 authenticated successfully.
[2025-04-22T16:38:24.446Z] [INFO] Login attempt for user: EJQ001
[2025-04-22T16:38:25.136Z] [INFO] User EJQ001 authenticated successfully.
[2025-04-22T17:18:15.000Z] [INFO] Login attempt for user: EJQ001
[2025-04-22T17:18:15.675Z] [INFO] User EJQ001 authenticated successfully.
[2025-04-22T17:23:37.531Z] [INFO] Login attempt for user: EJQ001
[2025-04-22T17:23:38.441Z] [INFO] User EJQ001 authenticated successfully.
[2025-04-22T18:35:35.877Z] [INFO] Login attempt for user: EJQ001
[2025-04-22T18:35:38.511Z] [INFO] User EJQ001 authenticated successfully.
[2025-04-22T18:58:14.153Z] [INFO] Login attempt for user: EJQ001
[2025-04-22T18:58:15.239Z] [INFO] User EJQ001 authenticated successfully.
[2025-04-22T19:18:33.765Z] [INFO] Login attempt for user: EJQ001
[2025-04-22T19:18:34.402Z] [INFO] User EJQ001 authenticated successfully.
[2025-04-22T19:24:56.862Z] [INFO] Login attempt for user: EJQ001
[2025-04-22T19:24:57.936Z] [INFO] User EJQ001 authenticated successfully.
[2025-04-22T19:26:18.545Z] [INFO] Login attempt for user: EJQ001
[2025-04-22T19:26:19.193Z] [INFO] User EJQ001 authenticated successfully.
[2025-04-22T19:28:44.235Z] [INFO] Login attempt for user: EJQ001
[2025-04-22T19:28:44.773Z] [INFO] User EJQ001 authenticated successfully.
[2025-04-22T19:33:12.647Z] [INFO] Login attempt for user: EJQ001
[2025-04-22T19:33:13.318Z] [INFO] User EJQ001 authenticated successfully.
[2025-04-22T19:39:20.057Z] [INFO] Login attempt for user: EJQ001
[2025-04-22T19:39:20.845Z] [INFO] User EJQ001 authenticated successfully.
[2025-04-22T19:39:46.978Z] [INFO] Login attempt for user: EJQ001
[2025-04-22T19:39:47.670Z] [INFO] User EJQ001 authenticated successfully.
[2025-04-22T19:41:04.830Z] [INFO] Login attempt for user: EJQ001
[2025-04-22T19:41:05.460Z] [INFO] User EJQ001 authenticated successfully.
[2025-04-22T19:55:29.656Z] [INFO] Login attempt for user: EJQ001
[2025-04-22T19:55:30.291Z] [INFO] User EJQ001 authenticated successfully.
[2025-04-22T20:17:11.801Z] [INFO] Login attempt for user: EJQ001
[2025-04-22T20:17:12.478Z] [INFO] User EJQ001 authenticated successfully.
[2025-04-22T20:29:21.438Z] [INFO] Login attempt for user: EJQ001
[2025-04-22T20:29:25.095Z] [INFO] User EJQ001 authenticated successfully.
[2025-04-22T20:50:20.387Z] [INFO] Login attempt for user: EJQ001
[2025-04-22T20:50:21.060Z] [INFO] User EJQ001 authenticated successfully.
[2025-04-22T20:59:07.829Z] [INFO] Login attempt for user: EJQ001
[2025-04-22T20:59:09.167Z] [INFO] User EJQ001 authenticated successfully.
[2025-04-22T21:39:51.873Z] [INFO] Login attempt for user: EJQ001
[2025-04-22T21:39:52.509Z] [INFO] User EJQ001 authenticated successfully.
[2025-04-22T21:45:31.814Z] [INFO] Login attempt for user: EJQ001
[2025-04-22T21:45:32.765Z] [INFO] User EJQ001 authenticated successfully.
[2025-04-22T22:07:08.974Z] [INFO] Login attempt for user: EJQ001
[2025-04-22T22:07:09.794Z] [INFO] User EJQ001 authenticated successfully.
[2025-04-22T22:18:59.825Z] [INFO] Login attempt for user: EJQ001
[2025-04-22T22:19:00.454Z] [INFO] User EJQ001 authenticated successfully.
[2025-04-22T22:26:48.229Z] [INFO] Login attempt for user: EJQ001
[2025-04-22T22:26:49.183Z] [INFO] User EJQ001 authenticated successfully.
[2025-04-22T22:38:48.808Z] [INFO] Login attempt for user: EJQ001
[2025-04-22T22:38:49.747Z] [INFO] User EJQ001 authenticated successfully.
[2025-04-23T14:29:39.906Z] [INFO] Login attempt for user: EJQ001
[2025-04-23T14:29:42.895Z] [INFO] User EJQ001 authenticated successfully.
[2025-04-23T14:54:07.496Z] [INFO] Login attempt for user: EJQ001
[2025-04-23T14:54:08.228Z] [INFO] User EJQ001 authenticated successfully.
[2025-04-23T16:33:44.183Z] [INFO] Login attempt for user: EJQ001
[2025-04-23T16:33:44.870Z] [INFO] User EJQ001 authenticated successfully.
[2025-04-23T16:40:33.591Z] [INFO] Login attempt for user: EJQ001
[2025-04-23T16:40:34.540Z] [INFO] User EJQ001 authenticated successfully.
[2025-04-23T16:42:36.177Z] [INFO] Login attempt for user: EJQ001
[2025-04-23T16:42:36.785Z] [INFO] User EJQ001 authenticated successfully.
[2025-04-23T16:52:07.812Z] [INFO] Login attempt for user: EJQ001
[2025-04-23T16:52:08.476Z] [INFO] User EJQ001 authenticated successfully.
[2025-04-23T16:57:34.400Z] [INFO] Login attempt for user: EJQ001
[2025-04-23T16:57:35.003Z] [INFO] User EJQ001 authenticated successfully.
[2025-04-23T17:00:26.333Z] [INFO] Login attempt for user: EJQ001
[2025-04-23T17:00:26.935Z] [INFO] User EJQ001 authenticated successfully.
[2025-04-23T17:17:17.854Z] [INFO] Login attempt for user: EJQ001
[2025-04-23T17:17:20.612Z] [INFO] User EJQ001 authenticated successfully.
[2025-04-23T17:18:52.532Z] [INFO] Login attempt for user: EJQ001
[2025-04-23T17:18:53.284Z] [INFO] User EJQ001 authenticated successfully.
[2025-04-23T17:23:30.868Z] [INFO] Login attempt for user: EJQ001
[2025-04-23T17:23:32.871Z] [INFO] User EJQ001 authenticated successfully.
[2025-04-23T17:27:06.314Z] [INFO] Login attempt for user: EJQ001
[2025-04-23T17:27:07.081Z] [INFO] User EJQ001 authenticated successfully.
[2025-04-23T17:33:35.275Z] [INFO] Login attempt for user: EJQ001
[2025-04-23T17:33:36.222Z] [INFO] User EJQ001 authenticated successfully.
[2025-04-23T17:48:34.905Z] [INFO] Login attempt for user: EJQ001
[2025-04-23T17:48:36.193Z] [INFO] User EJQ001 authenticated successfully.
[2025-04-23T19:11:59.435Z] [INFO] Login attempt for user: EJQ001
[2025-04-23T19:12:00.009Z] [INFO] User EJQ001 authenticated successfully.
[2025-04-23T19:14:58.116Z] [INFO] Login attempt for user: EJQ001
[2025-04-23T19:14:58.701Z] [INFO] User EJQ001 authenticated successfully.
[2025-04-23T19:18:53.129Z] [INFO] Login attempt for user: EJQ001
[2025-04-23T19:18:53.894Z] [INFO] User EJQ001 authenticated successfully.
[2025-04-23T19:20:47.616Z] [INFO] Login attempt for user: EJQ001
[2025-04-23T19:20:48.209Z] [INFO] User EJQ001 authenticated successfully.
[2025-04-23T19:21:38.411Z] [INFO] Login attempt for user: EJQ001
[2025-04-23T19:21:39.011Z] [INFO] User EJQ001 authenticated successfully.
[2025-04-23T19:25:26.338Z] [INFO] Login attempt for user: EJQ001
[2025-04-23T19:25:27.046Z] [INFO] User EJQ001 authenticated successfully.
[2025-04-23T19:28:09.913Z] [INFO] Login attempt for user: EJQ001
[2025-04-23T19:28:10.471Z] [INFO] User EJQ001 authenticated successfully.
[2025-04-23T19:29:12.257Z] [INFO] Login attempt for user: EJQ001
[2025-04-23T19:29:12.839Z] [INFO] User EJQ001 authenticated successfully.
[2025-04-23T19:54:26.411Z] [INFO] Login attempt for user: EJQ001
[2025-04-23T19:54:27.114Z] [INFO] User EJQ001 authenticated successfully.
[2025-04-23T19:57:29.490Z] [INFO] Login attempt for user: EJQ001
[2025-04-23T19:57:30.065Z] [INFO] User EJQ001 authenticated successfully.
[2025-04-23T20:00:50.087Z] [INFO] Login attempt for user: EJQ001
[2025-04-23T20:00:50.687Z] [INFO] User EJQ001 authenticated successfully.
[2025-04-23T20:09:26.878Z] [INFO] Login attempt for user: EJQ001
[2025-04-23T20:09:27.593Z] [INFO] User EJQ001 authenticated successfully.
[2025-04-23T20:48:29.853Z] [INFO] Login attempt for user: EJQ001
[2025-04-23T20:48:30.634Z] [INFO] User EJQ001 authenticated successfully.
[2025-04-24T15:05:15.010Z] [INFO] Login attempt for user: EJQ001
[2025-04-24T15:05:17.937Z] [INFO] User EJQ001 authenticated successfully.
[2025-04-24T15:13:28.247Z] [INFO] Login attempt for user: EJQ001
[2025-04-24T15:13:31.377Z] [INFO] User EJQ001 authenticated successfully.
[2025-04-24T15:15:32.460Z] [INFO] Login attempt for user: EJQ001
[2025-04-24T15:15:33.163Z] [INFO] User EJQ001 authenticated successfully.
[2025-04-24T15:45:57.364Z] [INFO] Login attempt for user: EJQ001
[2025-04-24T15:45:58.097Z] [INFO] User EJQ001 authenticated successfully.
[2025-04-24T15:47:55.537Z] [INFO] Login attempt for user: EJQ001
[2025-04-24T15:47:56.229Z] [INFO] User EJQ001 authenticated successfully.
[2025-04-24T15:48:35.969Z] [INFO] Login attempt for user: EJQ001
[2025-04-24T15:48:36.521Z] [INFO] User EJQ001 authenticated successfully.
[2025-04-24T15:52:12.409Z] [INFO] Login attempt for user: EJQ001
[2025-04-24T15:52:13.076Z] [INFO] User EJQ001 authenticated successfully.
[2025-04-24T15:54:20.295Z] [INFO] Login attempt for user: EJQ001
[2025-04-24T15:54:20.990Z] [INFO] User EJQ001 authenticated successfully.
[2025-04-24T15:55:21.106Z] [INFO] Login attempt for user: EJQ001
[2025-04-24T15:55:21.765Z] [INFO] User EJQ001 authenticated successfully.
[2025-04-24T16:01:27.243Z] [INFO] Login attempt for user: EJQ001
[2025-04-24T16:01:27.967Z] [INFO] User EJQ001 authenticated successfully.
[2025-04-24T20:21:55.898Z] [INFO] Login attempt for user: EJQ001
[2025-04-24T20:21:56.421Z] [INFO] User EJQ001 authenticated successfully.
[2025-04-24T20:57:50.260Z] [INFO] Login attempt for user: EJQ001
[2025-04-24T20:57:50.916Z] [INFO] User EJQ001 authenticated successfully.
[2025-04-24T22:52:45.189Z] [INFO] Login attempt for user: EJQ001
[2025-04-24T22:52:52.086Z] [INFO] Login attempt for user: EJQ001
[2025-04-24T22:52:52.709Z] [INFO] User EJQ001 authenticated successfully.
[2025-04-24T22:58:45.411Z] [INFO] Login attempt for user: EJQ001
[2025-04-24T22:58:46.073Z] [INFO] User EJQ001 authenticated successfully.
[2025-04-25T14:38:13.704Z] [INFO] Login attempt for user: EJQ001
[2025-04-25T14:38:14.306Z] [INFO] User EJQ001 authenticated successfully.
[2025-04-25T14:38:29.480Z] [INFO] Login attempt for user: EJQ001
[2025-04-25T14:38:30.067Z] [INFO] User EJQ001 authenticated successfully.
[2025-04-25T14:42:40.823Z] [INFO] Login attempt for user: EJQ001
[2025-04-25T14:42:41.659Z] [INFO] User EJQ001 authenticated successfully.
[2025-04-25T14:46:27.387Z] [INFO] Login attempt for user: EJQ001
[2025-04-25T14:46:28.047Z] [INFO] User EJQ001 authenticated successfully.
[2025-04-25T14:53:59.953Z] [INFO] Login attempt for user: EJQ001
[2025-04-25T14:54:00.678Z] [INFO] User EJQ001 authenticated successfully.
[2025-05-02T16:13:53.317Z] [INFO] Login attempt for user: EJQ001
[2025-05-02T16:13:54.094Z] [INFO] User EJQ001 authenticated successfully.
[2025-05-05T19:08:09.730Z] [INFO] Login attempt for user: EJQ001
[2025-05-05T19:08:10.345Z] [INFO] User EJQ001 authenticated successfully.
[2025-05-05T19:22:24.135Z] [INFO] Login attempt for user: EJQ001
[2025-05-05T19:22:24.929Z] [INFO] User EJQ001 authenticated successfully.
[2025-05-05T19:44:27.540Z] [INFO] User logged out
[2025-05-05T19:44:51.927Z] [INFO] Login attempt for user: WOC001
[2025-05-05T19:44:52.543Z] [INFO] User WOC001 authenticated successfully.
[2025-05-05T19:46:42.891Z] [INFO] Login attempt for user: WOC001
[2025-05-05T19:46:43.547Z] [INFO] User WOC001 authenticated successfully.
[2025-05-05T19:58:06.246Z] [INFO] Login attempt for user: EJQ001
[2025-05-05T19:58:06.923Z] [INFO] User EJQ001 authenticated successfully.
[2025-05-05T19:58:13.977Z] [INFO] User logged out
[2025-05-05T19:58:22.397Z] [INFO] Login attempt for user: WOC001
[2025-05-05T19:58:22.938Z] [INFO] User WOC001 authenticated successfully.
[2025-05-06T15:54:26.600Z] [INFO] Login attempt for user: EJQ001
[2025-05-06T15:54:29.608Z] [INFO] User EJQ001 authenticated successfully.
[2025-05-06T15:56:10.311Z] [INFO] Login attempt for user: EJQ001
[2025-05-06T15:56:10.977Z] [INFO] User EJQ001 authenticated successfully.
[2025-05-06T15:57:04.815Z] [INFO] Login attempt for user: EJQ001
[2025-05-06T15:57:05.412Z] [INFO] User EJQ001 authenticated successfully.
[2025-05-06T16:18:13.547Z] [INFO] Login attempt for user: EJQ001
[2025-05-06T16:18:14.437Z] [INFO] User EJQ001 authenticated successfully.
[2025-05-06T16:21:10.009Z] [INFO] Login attempt for user: EJQ001
[2025-05-06T16:21:10.646Z] [INFO] User EJQ001 authenticated successfully.
[2025-05-06T16:49:52.927Z] [INFO] Login attempt for user: EJQ001
[2025-05-06T16:49:53.496Z] [INFO] User EJQ001 authenticated successfully.
[2025-05-06T19:25:56.877Z] [INFO] Login attempt for user: EJQ001
[2025-05-06T19:26:10.788Z] [INFO] Login attempt for user: EJQ001
[2025-05-06T19:26:11.440Z] [INFO] User EJQ001 authenticated successfully.
[2025-05-06T19:30:17.399Z] [INFO] Login attempt for user: EJQ001
[2025-05-06T19:30:18.122Z] [INFO] User EJQ001 authenticated successfully.
[2025-05-06T19:56:23.922Z] [INFO] Login attempt for user: EJQ001
[2025-05-06T19:56:24.502Z] [INFO] User EJQ001 authenticated successfully.
[2025-05-06T19:56:52.555Z] [INFO] Login attempt for user: EJQ001
[2025-05-06T19:56:53.246Z] [INFO] User EJQ001 authenticated successfully.
[2025-05-06T19:57:13.970Z] [INFO] Login attempt for user: EJQ001
[2025-05-06T19:57:14.567Z] [INFO] User EJQ001 authenticated successfully.
[2025-05-06T20:19:12.339Z] [INFO] Login attempt for user: EJQ001
[2025-05-06T20:19:12.966Z] [INFO] User EJQ001 authenticated successfully.
[2025-05-06T20:26:09.820Z] [INFO] Login attempt for user: EJQ001
[2025-05-06T20:26:10.398Z] [INFO] User EJQ001 authenticated successfully.
[2025-05-06T20:29:01.627Z] [INFO] Login attempt for user: EJQ001
[2025-05-06T20:29:02.159Z] [INFO] User EJQ001 authenticated successfully.
[2025-05-06T20:30:50.058Z] [INFO] Login attempt for user: EJQ001
[2025-05-06T20:30:50.753Z] [INFO] User EJQ001 authenticated successfully.
[2025-05-06T20:33:22.085Z] [INFO] Login attempt for user: EJQ001
[2025-05-06T20:33:22.697Z] [INFO] User EJQ001 authenticated successfully.
[2025-05-06T20:40:53.594Z] [INFO] Login attempt for user: EJQ001
[2025-05-06T20:40:54.461Z] [INFO] User EJQ001 authenticated successfully.
[2025-05-06T20:44:04.931Z] [INFO] Login attempt for user: EJQ001
[2025-05-06T20:44:06.126Z] [INFO] User EJQ001 authenticated successfully.
[2025-05-06T21:18:25.289Z] [INFO] Login attempt for user: EJQ001
[2025-05-06T21:18:25.871Z] [INFO] User EJQ001 authenticated successfully.
[2025-05-06T21:22:30.586Z] [INFO] Login attempt for user: EJQ001
[2025-05-06T21:22:31.291Z] [INFO] User EJQ001 authenticated successfully.
[2025-05-06T21:27:19.579Z] [INFO] Login attempt for user: EJQ001
[2025-05-06T21:27:20.233Z] [INFO] User EJQ001 authenticated successfully.
[2025-05-06T21:57:00.601Z] [INFO] Login attempt for user: EJQ001
[2025-05-06T21:57:01.195Z] [INFO] User EJQ001 authenticated successfully.
[2025-05-06T22:09:45.268Z] [INFO] Login attempt for user: EJQ001
[2025-05-06T22:09:45.937Z] [INFO] User EJQ001 authenticated successfully.
[2025-05-07T14:43:57.232Z] [INFO] Login attempt for user: EJQ001
[2025-05-07T14:44:02.706Z] [INFO] User EJQ001 authenticated successfully.
[2025-05-07T15:30:07.214Z] [INFO] Login attempt for user: EJQ001
[2025-05-07T15:30:07.950Z] [INFO] User EJQ001 authenticated successfully.
[2025-05-07T15:46:14.600Z] [INFO] Login attempt for user: EJQ001
[2025-05-07T15:46:15.329Z] [INFO] User EJQ001 authenticated successfully.
[2025-05-07T16:47:25.561Z] [INFO] Login attempt for user: EJQ001
[2025-05-07T16:47:26.162Z] [INFO] User EJQ001 authenticated successfully.
[2025-05-07T17:04:48.999Z] [INFO] Login attempt for user: EJQ001
[2025-05-07T17:04:49.656Z] [INFO] User EJQ001 authenticated successfully.
[2025-05-07T18:56:23.065Z] [INFO] Login attempt for user: EJQ001
[2025-05-07T18:56:23.726Z] [INFO] User EJQ001 authenticated successfully.
[2025-05-07T19:37:51.577Z] [INFO] Login attempt for user: EJQ001
[2025-05-07T19:37:52.140Z] [INFO] User EJQ001 authenticated successfully.
[2025-05-07T19:51:01.210Z] [INFO] Login attempt for user: EJQ001
[2025-05-07T19:51:01.858Z] [INFO] User EJQ001 authenticated successfully.
[2025-05-07T20:56:12.990Z] [INFO] Login attempt for user: EJQ001
[2025-05-07T20:56:13.649Z] [INFO] User EJQ001 authenticated successfully.
[2025-05-08T14:18:29.742Z] [INFO] Login attempt for user: EJQ001
[2025-05-08T14:18:33.684Z] [INFO] User EJQ001 authenticated successfully.
[2025-05-08T14:29:31.828Z] [INFO] Login attempt for user: EJQ001
[2025-05-08T14:29:32.495Z] [INFO] User EJQ001 authenticated successfully.
[2025-05-08T14:31:21.831Z] [INFO] Login attempt for user: EJQ001
[2025-05-08T14:31:22.445Z] [INFO] User EJQ001 authenticated successfully.
[2025-05-08T15:01:09.097Z] [INFO] Login attempt for user: EJQ001
[2025-05-08T15:01:12.042Z] [INFO] User EJQ001 authenticated successfully.
[2025-05-08T15:01:47.496Z] [INFO] Login attempt for user: EJQ001
[2025-05-08T15:01:48.114Z] [INFO] User EJQ001 authenticated successfully.
[2025-05-08T15:04:11.826Z] [INFO] Login attempt for user: EJQ001
[2025-05-08T15:04:15.886Z] [INFO] Login attempt for user: EJQ001
[2025-05-08T15:04:16.464Z] [INFO] User EJQ001 authenticated successfully.
[2025-05-08T15:08:21.171Z] [INFO] Login attempt for user: EJQ001
[2025-05-08T15:08:21.733Z] [INFO] User EJQ001 authenticated successfully.
[2025-05-08T15:24:17.683Z] [INFO] Login attempt for user: EJQ001
[2025-05-08T15:24:18.458Z] [INFO] User EJQ001 authenticated successfully.
[2025-05-08T15:41:10.227Z] [INFO] Login attempt for user: EJQ001
[2025-05-08T15:41:22.212Z] [INFO] Login attempt for user: EJQ001
[2025-05-08T15:41:22.908Z] [INFO] User EJQ001 authenticated successfully.
[2025-05-08T16:00:02.532Z] [INFO] Login attempt for user: EJQ001
[2025-05-08T16:00:03.139Z] [INFO] User EJQ001 authenticated successfully.
[2025-05-08T16:03:32.313Z] [INFO] Login attempt for user: EJQ001
[2025-05-08T16:03:32.887Z] [INFO] User EJQ001 authenticated successfully.
[2025-05-08T16:05:43.786Z] [INFO] Login attempt for user: EJQ001
[2025-05-08T16:05:50.337Z] [INFO] Login attempt for user: EJQ001
[2025-05-08T16:05:50.937Z] [INFO] User EJQ001 authenticated successfully.
[2025-05-08T16:17:52.263Z] [INFO] Login attempt for user: EJQ001
[2025-05-08T16:17:52.984Z] [INFO] User EJQ001 authenticated successfully.
[2025-05-08T16:23:21.990Z] [INFO] Login attempt for user: EJQ001
[2025-05-08T16:23:22.706Z] [INFO] User EJQ001 authenticated successfully.
[2025-05-08T16:30:32.374Z] [INFO] Login attempt for user: EJQ001
[2025-05-08T16:30:33.063Z] [INFO] User EJQ001 authenticated successfully.
[2025-05-08T16:59:14.969Z] [INFO] Login attempt for user: EJQ001
[2025-05-08T16:59:15.535Z] [INFO] User EJQ001 authenticated successfully.
[2025-05-08T17:11:38.856Z] [INFO] Login attempt for user: EJQ001
[2025-05-08T17:11:39.461Z] [INFO] User EJQ001 authenticated successfully.
[2025-05-08T17:12:47.097Z] [INFO] Login attempt for user: EJQ001
[2025-05-08T17:12:47.813Z] [INFO] User EJQ001 authenticated successfully.
[2025-05-08T17:14:13.844Z] [INFO] Login attempt for user: EJQ001
[2025-05-08T17:14:14.553Z] [INFO] User EJQ001 authenticated successfully.
[2025-05-08T20:23:54.189Z] [INFO] Login attempt for user: EJQ001
[2025-05-08T20:23:54.887Z] [INFO] User EJQ001 authenticated successfully.
[2025-05-08T20:42:08.011Z] [INFO] Login attempt for user: EJQ001
[2025-05-08T20:42:09.009Z] [INFO] User EJQ001 authenticated successfully.
[2025-05-08T20:45:19.303Z] [INFO] Login attempt for user: EJQ001
[2025-05-08T20:45:19.841Z] [INFO] User EJQ001 authenticated successfully.
[2025-05-08T22:26:43.011Z] [INFO] Login attempt for user: EJQ001
[2025-05-08T22:26:43.608Z] [INFO] User EJQ001 authenticated successfully.
[2025-05-08T22:27:20.649Z] [INFO] Login attempt for user: EJQ001
[2025-05-08T22:27:21.249Z] [INFO] User EJQ001 authenticated successfully.
[2025-05-09T14:29:01.336Z] [INFO] Login attempt for user: EJQ001
[2025-05-09T14:29:03.115Z] [INFO] User EJQ001 authenticated successfully.
[2025-05-09T14:29:58.238Z] [INFO] Login attempt for user: EJQ001
[2025-05-09T14:29:58.924Z] [INFO] User EJQ001 authenticated successfully.
[2025-05-09T14:46:50.742Z] [INFO] Login attempt for user: EJQ001
[2025-05-09T14:46:51.414Z] [INFO] User EJQ001 authenticated successfully.
[2025-05-09T14:54:52.753Z] [INFO] Login attempt for user: EJQ001
[2025-05-09T14:54:53.434Z] [INFO] User EJQ001 authenticated successfully.
[2025-05-09T14:58:04.350Z] [INFO] Login attempt for user: EJQ001
[2025-05-09T14:58:04.896Z] [INFO] User EJQ001 authenticated successfully.
[2025-05-09T15:06:56.212Z] [INFO] Login attempt for user: EJQ001
[2025-05-09T15:06:57.409Z] [INFO] User EJQ001 authenticated successfully.
[2025-05-09T15:08:48.581Z] [INFO] Login attempt for user: EJQ001
[2025-05-09T15:08:49.136Z] [INFO] User EJQ001 authenticated successfully.
[2025-05-09T16:07:04.764Z] [INFO] Login attempt for user: EJQ001
[2025-05-09T16:07:05.449Z] [INFO] User EJQ001 authenticated successfully.
[2025-05-09T16:48:57.535Z] [INFO] Login attempt for user: EJQ001
[2025-05-09T16:48:58.215Z] [INFO] User EJQ001 authenticated successfully.
[2025-05-09T16:50:38.205Z] [INFO] Login attempt for user: EJQ001
[2025-05-09T16:50:38.809Z] [INFO] User EJQ001 authenticated successfully.
[2025-05-09T16:55:29.654Z] [INFO] Login attempt for user: EJQ001
[2025-05-09T16:55:30.343Z] [INFO] User EJQ001 authenticated successfully.
[2025-05-09T19:55:49.065Z] [INFO] Login attempt for user: EJQ001
[2025-05-09T19:55:49.740Z] [INFO] User EJQ001 authenticated successfully.
[2025-05-09T20:38:05.543Z] [INFO] Login attempt for user: EJQ001
[2025-05-09T20:38:06.262Z] [INFO] User EJQ001 authenticated successfully.
[2025-05-09T20:59:07.820Z] [INFO] Login attempt for user: EJQ001
[2025-05-09T20:59:08.401Z] [INFO] User EJQ001 authenticated successfully.
[2025-05-13T19:07:56.166Z] [INFO] Login attempt for user: EJQ001
[2025-05-13T19:07:56.779Z] [INFO] User EJQ001 authenticated successfully.
[2025-05-14T19:20:57.079Z] [INFO] Login attempt for user: EJQ001
[2025-05-14T19:20:58.666Z] [INFO] User EJQ001 authenticated successfully.
[2025-05-15T15:41:23.083Z] [INFO] Login attempt for user: EJQ001
[2025-05-15T15:41:26.704Z] [INFO] User EJQ001 authenticated successfully.
[2025-05-16T15:26:27.889Z] [INFO] Login attempt for user: EJQ001
[2025-05-16T15:26:29.969Z] [INFO] User EJQ001 authenticated successfully.
[2025-05-16T15:48:45.442Z] [INFO] Login attempt for user: EJQ001
[2025-05-16T15:48:46.058Z] [INFO] User EJQ001 authenticated successfully.
[2025-05-16T16:26:28.028Z] [INFO] Login attempt for user: EJQ001
[2025-05-16T16:26:29.429Z] [INFO] User EJQ001 authenticated successfully.
[2025-05-16T20:34:09.326Z] [INFO] Login attempt for user: EJQ001
[2025-05-16T20:34:10.923Z] [INFO] User EJQ001 authenticated successfully.
[2025-05-16T20:35:36.889Z] [INFO] Login attempt for user: EJQ001
[2025-05-16T20:35:37.480Z] [INFO] User EJQ001 authenticated successfully.
