[2025-03-26T19:35:36.865Z] [WARN] 404 Not Found: /docs/4.0/assets/img/favicons/favicon.ico
[2025-03-26T19:35:43.268Z] [WARN] 404 Not Found: /favicon.ico
[2025-03-26T19:38:55.500Z] [WARN] Too many requests from ::1
[2025-03-26T19:38:55.501Z] [WARN] Too many requests from ::1
[2025-03-26T19:38:55.502Z] [WARN] Too many requests from ::1
[2025-03-26T19:38:55.503Z] [WARN] Too many requests from ::1
[2025-03-26T19:38:55.502Z] [WARN] Too many requests from ::1
[2025-03-26T19:38:55.503Z] [WARN] Too many requests from ::1
[2025-03-26T19:38:55.505Z] [WARN] Too many requests from ::1
[2025-03-26T19:38:55.504Z] [WARN] Too many requests from ::1
[2025-03-26T19:38:55.505Z] [WARN] Too many requests from ::1
[2025-03-26T19:38:55.594Z] [WARN] Too many requests from ::1
[2025-03-26T20:09:49.190Z] [WARN] Access denied for IP ::1
[2025-03-26T20:09:58.345Z] [WARN] Access denied for IP ::1
[2025-03-26T20:09:58.861Z] [WARN] Access denied for IP ::1
[2025-03-26T20:09:59.234Z] [WARN] Access denied for IP ::1
[2025-03-26T20:09:59.600Z] [WARN] Access denied for IP ::1
[2025-03-26T20:10:07.771Z] [WARN] Access denied for IP ::1
[2025-03-26T20:10:12.691Z] [WARN] Access denied for IP ::1
[2025-03-26T22:03:02.986Z] [WARN] 404 Not Found: /docs/4.0/assets/img/favicons/favicon.ico
[2025-03-26T22:03:07.651Z] [WARN] 404 Not Found: /favicon.ico
[2025-03-26T22:07:32.583Z] [WARN] 404 Not Found: /vendor/bootstrap/js/v5/bootstrap.bundle.min.js.map
[2025-03-26T22:08:17.187Z] [WARN] 404 Not Found: /vendor/bootstrap/js/v5/bootstrap.bundle.min.js.map
[2025-03-26T22:10:24.002Z] [WARN] 404 Not Found: /project/
[2025-03-26T22:10:26.406Z] [WARN] 404 Not Found: /vendor/bootstrap/js/v5/bootstrap.bundle.min.js.map
[2025-03-26T22:18:31.950Z] [WARN] 404 Not Found: /vendor/bootstrap/js/v5/bootstrap.bundle.min.js.map
[2025-03-26T22:44:56.374Z] [WARN] 404 Not Found: /gestion/cartera1
[2025-03-26T22:44:58.835Z] [WARN] 404 Not Found: /gestion/cartera2
[2025-03-27T15:25:42.097Z] [WARN] 404 Not Found: /gestion/cartera1
[2025-03-27T15:39:56.463Z] [WARN] 404 Not Found: /gestion/proyectos-ti
[2025-03-27T17:27:22.623Z] [WARN] Access denied for IP 127.0.0.1
[2025-03-27T17:27:22.712Z] [WARN] Access denied for IP 127.0.0.1
[2025-03-27T17:27:40.905Z] [WARN] Access denied for IP 127.0.0.1
[2025-03-27T17:27:40.923Z] [WARN] Access denied for IP 127.0.0.1
[2025-03-27T17:27:48.603Z] [WARN] Access denied for IP 127.0.0.1
[2025-03-27T17:27:48.619Z] [WARN] Access denied for IP 127.0.0.1
[2025-03-27T17:27:48.907Z] [WARN] Access denied for IP 127.0.0.1
[2025-03-27T17:27:48.925Z] [WARN] Access denied for IP 127.0.0.1
[2025-03-27T17:27:53.057Z] [WARN] Access denied for IP 127.0.0.1
[2025-03-27T17:27:53.076Z] [WARN] Access denied for IP 127.0.0.1
[2025-03-27T17:28:09.204Z] [WARN] 404 Not Found: /docs/4.0/assets/img/favicons/favicon.ico
[2025-03-27T17:28:16.411Z] [WARN] 404 Not Found: /favicon.ico
[2025-03-27T17:28:26.299Z] [WARN] 404 Not Found: /project
[2025-03-27T17:28:28.631Z] [WARN] 404 Not Found: /projects
[2025-03-27T17:28:30.466Z] [WARN] 404 Not Found: /project/create
[2025-03-27T17:30:31.798Z] [WARN] 404 Not Found: /project/create
[2025-03-27T17:36:54.172Z] [WARN] 404 Not Found: /projects/vendor/bootstrap/js/v5/bootstrap.bundle.min.js
[2025-03-27T17:45:12.006Z] [WARN] 404 Not Found: /gestion/cartera2
[2025-03-27T17:45:45.942Z] [WARN] 404 Not Found: /projects/vendor/bootstrap/js/v5/bootstrap.bundle.min.js
[2025-03-27T17:45:57.343Z] [WARN] 404 Not Found: /projects/vendor/bootstrap/js/v5/bootstrap.bundle.min.js
[2025-03-27T17:46:01.484Z] [WARN] 404 Not Found: /projects/vendor/bootstrap/js/v5/bootstrap.bundle.min.js
[2025-03-27T17:46:05.257Z] [WARN] 404 Not Found: /projects/vendor/bootstrap/js/v5/bootstrap.bundle.min.js
[2025-03-27T17:46:09.656Z] [WARN] 404 Not Found: /projects/vendor/bootstrap/js/v5/bootstrap.bundle.min.js
[2025-03-27T17:46:13.145Z] [WARN] 404 Not Found: /projects/vendor/bootstrap/js/v5/bootstrap.bundle.min.js
[2025-03-27T19:19:14.810Z] [WARN] 404 Not Found: /docs/4.0/assets/img/favicons/favicon.ico
[2025-03-27T19:19:22.573Z] [WARN] 404 Not Found: /favicon.ico
[2025-03-27T19:19:27.483Z] [WARN] 404 Not Found: /projects/vendor/bootstrap/js/v5/bootstrap.bundle.min.js
[2025-03-27T19:19:34.612Z] [WARN] 404 Not Found: /projects/vendor/bootstrap/js/v5/bootstrap.bundle.min.js
[2025-03-27T19:20:12.861Z] [WARN] 404 Not Found: /projects/vendor/bootstrap/js/v5/bootstrap.bundle.min.js
[2025-03-27T19:20:41.256Z] [WARN] 404 Not Found: /public/vendor/bootstrap/js/v5/bootstrap.bundle.min.js
[2025-03-27T19:20:41.260Z] [WARN] 404 Not Found: /projects/vendor/bootstrap/js/v5/bootstrap.bundle.min.js
[2025-03-27T19:20:42.736Z] [WARN] 404 Not Found: /public/vendor/bootstrap/js/v5/bootstrap.bundle.min.js
[2025-03-27T19:20:42.738Z] [WARN] 404 Not Found: /projects/vendor/bootstrap/js/v5/bootstrap.bundle.min.js
[2025-03-27T19:20:50.234Z] [WARN] 404 Not Found: /public/vendor/bootstrap/js/v5/bootstrap.bundle.min.js
[2025-03-27T19:20:50.239Z] [WARN] 404 Not Found: /projects/vendor/bootstrap/js/v5/bootstrap.bundle.min.js
[2025-03-27T19:22:24.950Z] [WARN] 404 Not Found: /vendor/bootstrap/js/v5/bootstrap.bundle.min.js.map
[2025-03-27T19:22:25.121Z] [WARN] 404 Not Found: /vendor/bootstrap/js/v5/bootstrap.bundle.min.js.map
[2025-03-27T19:22:26.211Z] [WARN] 404 Not Found: /vendor/bootstrap/js/v5/bootstrap.bundle.min.js.map
[2025-03-27T19:22:27.061Z] [WARN] 404 Not Found: /vendor/bootstrap/js/v5/bootstrap.bundle.min.js.map
[2025-03-27T19:22:29.705Z] [WARN] 404 Not Found: /public/vendor/bootstrap/js/v5/bootstrap.bundle.min.js
[2025-03-27T19:22:29.711Z] [WARN] 404 Not Found: /projects/vendor/bootstrap/js/v5/bootstrap.bundle.min.js
[2025-03-27T19:22:34.297Z] [WARN] 404 Not Found: /vendor/bootstrap/js/v5/bootstrap.bundle.min.js.map
[2025-03-27T19:22:35.108Z] [WARN] 404 Not Found: /vendor/bootstrap/js/v5/bootstrap.bundle.min.js.map
[2025-03-27T19:22:43.017Z] [WARN] 404 Not Found: /vendor/bootstrap/js/v5/bootstrap.bundle.min.js.map
[2025-03-27T19:22:43.947Z] [WARN] 404 Not Found: /vendor/bootstrap/js/v5/bootstrap.bundle.min.js.map
[2025-03-27T19:22:44.468Z] [WARN] 404 Not Found: /vendor/bootstrap/js/v5/bootstrap.bundle.min.js.map
[2025-03-27T19:22:45.974Z] [WARN] 404 Not Found: /vendor/bootstrap/js/v5/bootstrap.bundle.min.js.map
[2025-03-27T19:22:46.696Z] [WARN] 404 Not Found: /vendor/bootstrap/js/v5/bootstrap.bundle.min.js.map
[2025-03-27T19:22:48.182Z] [WARN] 404 Not Found: /vendor/bootstrap/js/v5/bootstrap.bundle.min.js.map
[2025-03-27T19:22:50.219Z] [WARN] 404 Not Found: /public/vendor/bootstrap/js/v5/bootstrap.bundle.min.js
[2025-03-27T19:22:50.222Z] [WARN] 404 Not Found: /projects/vendor/bootstrap/js/v5/bootstrap.bundle.min.js
[2025-03-27T19:23:02.304Z] [WARN] 404 Not Found: /vendor/bootstrap/js/v5/bootstrap.bundle.min.js.map
[2025-03-27T19:23:03.611Z] [WARN] 404 Not Found: /public/vendor/bootstrap/js/v5/bootstrap.bundle.min.js
[2025-03-27T19:23:03.614Z] [WARN] 404 Not Found: /projects/vendor/bootstrap/js/v5/bootstrap.bundle.min.js
[2025-03-27T19:23:05.130Z] [WARN] 404 Not Found: /vendor/bootstrap/js/v5/bootstrap.bundle.min.js.map
[2025-03-27T19:23:06.159Z] [WARN] 404 Not Found: /public/vendor/bootstrap/js/v5/bootstrap.bundle.min.js
[2025-03-27T19:23:06.163Z] [WARN] 404 Not Found: /projects/vendor/bootstrap/js/v5/bootstrap.bundle.min.js
[2025-03-27T19:23:07.080Z] [WARN] 404 Not Found: /vendor/bootstrap/js/v5/bootstrap.bundle.min.js.map
[2025-03-27T19:23:08.091Z] [WARN] 404 Not Found: /public/vendor/bootstrap/js/v5/bootstrap.bundle.min.js
[2025-03-27T19:23:08.094Z] [WARN] 404 Not Found: /projects/vendor/bootstrap/js/v5/bootstrap.bundle.min.js
[2025-03-27T19:23:09.803Z] [WARN] 404 Not Found: /vendor/bootstrap/js/v5/bootstrap.bundle.min.js.map
[2025-03-27T19:23:21.940Z] [WARN] 404 Not Found: /public/vendor/bootstrap/js/v5/bootstrap.bundle.min.js
[2025-03-27T19:23:21.944Z] [WARN] 404 Not Found: /projects/vendor/bootstrap/js/v5/bootstrap.bundle.min.js
[2025-03-27T19:23:22.743Z] [WARN] 404 Not Found: /vendor/bootstrap/js/v5/bootstrap.bundle.min.js.map
[2025-03-27T19:23:23.610Z] [WARN] 404 Not Found: /public/vendor/bootstrap/js/v5/bootstrap.bundle.min.js
[2025-03-27T19:23:23.616Z] [WARN] 404 Not Found: /projects/vendor/bootstrap/js/v5/bootstrap.bundle.min.js
[2025-03-27T19:23:24.119Z] [WARN] 404 Not Found: /vendor/bootstrap/js/v5/bootstrap.bundle.min.js.map
[2025-03-27T19:23:56.213Z] [WARN] 404 Not Found: /public/vendor/bootstrap/js/v5/bootstrap.bundle.min.js
[2025-03-27T19:23:56.218Z] [WARN] 404 Not Found: /projects/vendor/bootstrap/js/v5/bootstrap.bundle.min.js
[2025-03-27T19:24:32.724Z] [WARN] 404 Not Found: /public/vendor/bootstrap/js/v5/bootstrap.bundle.min.js
[2025-03-27T19:24:32.724Z] [WARN] 404 Not Found: /projects/vendor/bootstrap/js/v5/bootstrap.bundle.min.js
[2025-03-27T19:24:39.310Z] [WARN] 404 Not Found: /project/generate
[2025-03-27T19:24:43.312Z] [WARN] 404 Not Found: /project/generate
[2025-03-27T19:25:15.596Z] [WARN] 404 Not Found: /projects/vendor/bootstrap/js/v5/bootstrap.bundle.min.js
[2025-03-27T19:25:17.981Z] [WARN] 404 Not Found: /projects/vendor/bootstrap/js/v5/bootstrap.bundle.min.js
[2025-03-27T19:25:18.997Z] [WARN] 404 Not Found: /projects/vendor/bootstrap/js/v5/bootstrap.bundle.min.js
[2025-03-27T19:25:19.964Z] [WARN] 404 Not Found: /projects/vendor/bootstrap/js/v5/bootstrap.bundle.min.js
[2025-03-27T19:25:20.981Z] [WARN] 404 Not Found: /projects/vendor/bootstrap/js/v5/bootstrap.bundle.min.js
[2025-03-27T19:25:21.918Z] [WARN] 404 Not Found: /projects/vendor/bootstrap/js/v5/bootstrap.bundle.min.js
[2025-03-27T19:25:27.649Z] [WARN] 404 Not Found: /projects/vendor/bootstrap/js/v5/bootstrap.bundle.min.js
[2025-03-27T19:25:28.817Z] [WARN] 404 Not Found: /projects/vendor/bootstrap/js/v5/bootstrap.bundle.min.js
[2025-03-27T19:25:31.269Z] [WARN] 404 Not Found: /projects/vendor/bootstrap/js/v5/bootstrap.bundle.min.js
[2025-03-27T19:25:33.733Z] [WARN] 404 Not Found: /projects/vendor/bootstrap/js/v5/bootstrap.bundle.min.js
[2025-03-27T19:25:34.631Z] [WARN] 404 Not Found: /projects/vendor/bootstrap/js/v5/bootstrap.bundle.min.js
[2025-03-27T19:25:35.868Z] [WARN] 404 Not Found: /projects/vendor/bootstrap/js/v5/bootstrap.bundle.min.js
[2025-03-27T19:25:36.939Z] [WARN] 404 Not Found: /projects/vendor/bootstrap/js/v5/bootstrap.bundle.min.js
[2025-03-27T19:29:47.616Z] [WARN] 404 Not Found: /docs/4.0/assets/img/favicons/favicon.ico
[2025-03-27T19:29:54.453Z] [WARN] 404 Not Found: /favicon.ico
[2025-03-27T19:29:55.987Z] [WARN] 404 Not Found: /projects/vendor/bootstrap/js/v5/bootstrap.bundle.min.js
[2025-03-27T19:31:35.039Z] [WARN] 404 Not Found: /projects/vendor/bootstrap/js/v5/bootstrap.bundle.min.js
[2025-03-27T19:31:35.676Z] [WARN] 404 Not Found: /projects/cartera1/vendor/bootstrap/js/v5/bootstrap.bundle.min.js
[2025-03-27T19:31:52.779Z] [WARN] 404 Not Found: /projects/cartera1/vendor/bootstrap/js/v5/bootstrap.bundle.min.js
[2025-03-27T19:31:55.609Z] [WARN] 404 Not Found: /projects/vendor/bootstrap/js/v5/bootstrap.bundle.min.js
[2025-03-27T19:31:56.347Z] [WARN] 404 Not Found: /projects/cartera2/vendor/bootstrap/js/v5/bootstrap.bundle.min.js
[2025-03-27T19:31:58.580Z] [WARN] 404 Not Found: /projects/vendor/bootstrap/js/v5/bootstrap.bundle.min.js
[2025-03-27T19:31:59.445Z] [WARN] 404 Not Found: /projects/proyectos-ti/vendor/bootstrap/js/v5/bootstrap.bundle.min.js
[2025-03-27T19:32:01.793Z] [WARN] 404 Not Found: /projects/vendor/bootstrap/js/v5/bootstrap.bundle.min.js
[2025-03-27T19:32:02.528Z] [WARN] 404 Not Found: /projects/isco-cargo/vendor/bootstrap/js/v5/bootstrap.bundle.min.js
[2025-03-27T19:32:16.437Z] [WARN] 404 Not Found: /projects/vendor/bootstrap/js/v5/bootstrap.bundle.min.js
[2025-03-27T19:32:17.316Z] [WARN] 404 Not Found: /projects/vendor/bootstrap/js/v5/bootstrap.bundle.min.js
[2025-03-27T19:32:18.100Z] [WARN] 404 Not Found: /projects/vendor/bootstrap/js/v5/bootstrap.bundle.min.js
[2025-03-27T19:32:20.090Z] [WARN] 404 Not Found: /projects/vendor/bootstrap/js/v5/bootstrap.bundle.min.js
[2025-03-27T19:32:26.884Z] [WARN] 404 Not Found: /control/vendor/bootstrap/js/v5/bootstrap.bundle.min.js
[2025-03-27T19:32:59.436Z] [WARN] 404 Not Found: /control/vendor/bootstrap/js/v5/bootstrap.bundle.min.js
[2025-03-27T19:33:26.032Z] [WARN] 404 Not Found: /projects/vendor/bootstrap/js/v5/bootstrap.bundle.min.js
[2025-03-27T19:33:30.659Z] [WARN] 404 Not Found: /control/vendor/bootstrap/js/v5/bootstrap.bundle.min.js
[2025-03-27T19:34:07.632Z] [WARN] 404 Not Found: /projects/vendor/bootstrap/js/v5/bootstrap.bundle.min.js
[2025-03-27T19:34:44.718Z] [WARN] 404 Not Found: /projects/vendor/bootstrap/js/v5/bootstrap.bundle.min.js
[2025-03-27T19:34:45.690Z] [WARN] 404 Not Found: /projects/vendor/bootstrap/js/v5/bootstrap.bundle.min.js
[2025-03-27T19:34:46.612Z] [WARN] 404 Not Found: /projects/vendor/bootstrap/js/v5/bootstrap.bundle.min.js
[2025-03-27T19:34:47.573Z] [WARN] 404 Not Found: /projects/vendor/bootstrap/js/v5/bootstrap.bundle.min.js
[2025-03-27T19:35:19.980Z] [WARN] 404 Not Found: /control/vendor/bootstrap/js/v5/bootstrap.bundle.min.js
[2025-03-27T19:36:20.858Z] [WARN] 404 Not Found: /projects/vendor/bootstrap/js/v5/bootstrap.bundle.min.js
[2025-03-27T19:36:21.903Z] [WARN] 404 Not Found: /projects/vendor/bootstrap/js/v5/bootstrap.bundle.min.js
[2025-03-27T19:36:50.267Z] [WARN] 404 Not Found: /projects/vendor/bootstrap/js/v5/bootstrap.bundle.min.js
[2025-03-27T19:37:46.198Z] [WARN] 404 Not Found: /projects/vendor/bootstrap/js/v5/bootstrap.bundle.min.js
[2025-03-27T19:37:47.110Z] [WARN] 404 Not Found: /projects/vendor/bootstrap/js/v5/bootstrap.bundle.min.js
[2025-03-27T19:37:47.289Z] [WARN] 404 Not Found: /projects/vendor/bootstrap/js/v5/bootstrap.bundle.min.js
[2025-03-27T19:38:06.374Z] [WARN] 404 Not Found: /projects/vendor/bootstrap/js/v5/bootstrap.bundle.min.js
[2025-03-27T19:44:37.535Z] [WARN] 404 Not Found: /projects/vendor/bootstrap/js/v5/bootstrap.bundle.min.js
[2025-03-27T19:45:55.649Z] [WARN] 404 Not Found: /projects/cartera1/vendor/bootstrap/js/v5/bootstrap.bundle.min.js
[2025-03-27T19:45:57.114Z] [WARN] 404 Not Found: /projects/vendor/bootstrap/js/v5/bootstrap.bundle.min.js
[2025-03-27T19:45:58.154Z] [WARN] 404 Not Found: /projects/vendor/bootstrap/js/v5/bootstrap.bundle.min.js
[2025-03-27T19:46:00.330Z] [WARN] 404 Not Found: /projects/vendor/bootstrap/js/v5/bootstrap.bundle.min.js
[2025-03-27T19:46:02.068Z] [WARN] 404 Not Found: /projects/vendor/bootstrap/js/v5/bootstrap.bundle.min.js
[2025-03-27T19:46:42.535Z] [WARN] 404 Not Found: /projects/vendor/bootstrap/js/v5/bootstrap.bundle.min.js
[2025-03-27T19:46:43.089Z] [WARN] 404 Not Found: /projects/vendor/bootstrap/js/v5/bootstrap.bundle.min.js
[2025-03-27T19:46:43.308Z] [WARN] 404 Not Found: /projects/vendor/bootstrap/js/v5/bootstrap.bundle.min.js
[2025-03-27T19:46:43.475Z] [WARN] 404 Not Found: /projects/vendor/bootstrap/js/v5/bootstrap.bundle.min.js
[2025-03-27T19:46:43.688Z] [WARN] 404 Not Found: /projects/vendor/bootstrap/js/v5/bootstrap.bundle.min.js
[2025-03-27T19:46:55.622Z] [WARN] 404 Not Found: /projects/vendor/bootstrap/js/v5/bootstrap.bundle.min.js
[2025-03-27T19:47:23.060Z] [WARN] 404 Not Found: /projects/vendor/bootstrap/js/v5/bootstrap.bundle.min.js
[2025-03-27T19:58:19.024Z] [WARN] 404 Not Found: /projects/vendor/bootstrap/js/v5/bootstrap.bundle.min.js
[2025-03-27T20:02:26.878Z] [WARN] 404 Not Found: /projects/vendor/bootstrap/js/v5/bootstrap.bundle.min.js
[2025-03-27T20:02:30.697Z] [WARN] 404 Not Found: /projects/vendor/bootstrap/js/v5/bootstrap.bundle.min.js
[2025-03-27T20:02:32.531Z] [WARN] 404 Not Found: /projects/vendor/bootstrap/js/v5/bootstrap.bundle.min.js
[2025-03-27T20:02:33.513Z] [WARN] 404 Not Found: /projects/vendor/bootstrap/js/v5/bootstrap.bundle.min.js
[2025-03-27T20:02:35.037Z] [WARN] 404 Not Found: /projects/vendor/bootstrap/js/v5/bootstrap.bundle.min.js
[2025-03-27T20:03:01.151Z] [WARN] 404 Not Found: /projects/vendor/bootstrap/js/v5/bootstrap.bundle.min.js
[2025-03-27T20:05:41.634Z] [WARN] 404 Not Found: /projects/vendor/bootstrap/js/v5/bootstrap.bundle.min.js
[2025-03-27T20:05:43.302Z] [WARN] 404 Not Found: /projects/vendor/bootstrap/js/v5/bootstrap.bundle.min.js
[2025-03-27T20:05:45.670Z] [WARN] 404 Not Found: /projects/vendor/bootstrap/js/v5/bootstrap.bundle.min.js
[2025-03-27T20:05:46.849Z] [WARN] 404 Not Found: /projects/vendor/bootstrap/js/v5/bootstrap.bundle.min.js
[2025-03-27T20:05:47.780Z] [WARN] 404 Not Found: /projects/vendor/bootstrap/js/v5/bootstrap.bundle.min.js
[2025-03-27T20:05:49.683Z] [WARN] 404 Not Found: /projects/vendor/bootstrap/js/v5/bootstrap.bundle.min.js
[2025-03-27T20:05:50.445Z] [WARN] 404 Not Found: /projects/vendor/bootstrap/js/v5/bootstrap.bundle.min.js
[2025-03-27T20:12:49.301Z] [WARN] 404 Not Found: /projects/vendor/bootstrap/js/v5/bootstrap.bundle.min.js
[2025-03-27T20:13:06.468Z] [WARN] 404 Not Found: /projects/vendor/bootstrap/js/v5/bootstrap.bundle.min.js
[2025-03-27T20:13:14.230Z] [WARN] 404 Not Found: /projects/vendor/bootstrap/js/v5/bootstrap.bundle.min.js
[2025-03-27T20:13:15.631Z] [WARN] 404 Not Found: /projects/vendor/bootstrap/js/v5/bootstrap.bundle.min.js
[2025-03-27T20:13:16.694Z] [WARN] 404 Not Found: /projects/vendor/bootstrap/js/v5/bootstrap.bundle.min.js
[2025-03-27T20:13:18.381Z] [WARN] 404 Not Found: /projects/vendor/bootstrap/js/v5/bootstrap.bundle.min.js
[2025-03-27T20:13:23.211Z] [WARN] 404 Not Found: /projects/vendor/bootstrap/js/v5/bootstrap.bundle.min.js
[2025-03-27T20:13:25.471Z] [WARN] 404 Not Found: /projects/vendor/bootstrap/js/v5/bootstrap.bundle.min.js
[2025-03-27T20:13:29.009Z] [WARN] 404 Not Found: /projects/vendor/bootstrap/js/v5/bootstrap.bundle.min.js
[2025-03-27T20:18:47.543Z] [WARN] 404 Not Found: /projects/vendor/bootstrap/js/v5/bootstrap.bundle.min.js
[2025-03-27T20:18:48.646Z] [WARN] 404 Not Found: /projects/vendor/bootstrap/js/v5/bootstrap.bundle.min.js
[2025-03-27T20:18:49.610Z] [WARN] 404 Not Found: /projects/vendor/bootstrap/js/v5/bootstrap.bundle.min.js
[2025-03-27T21:29:52.523Z] [WARN] Access denied for IP ::ffff:172.16.105.88
[2025-03-27T21:37:40.522Z] [WARN] Access denied for IP ::ffff:172.16.105.33
[2025-03-28T16:16:11.610Z] [WARN] Failed login attempt for user: HHC001
[2025-03-31T17:11:53.557Z] [WARN] Failed login attempt for user: EJQ001
[2025-03-31T20:50:59.805Z] [WARN] Failed login attempt for user: EJQ001
[2025-04-03T21:49:52.988Z] [WARN] Failed login attempt for user: EJQ001
[2025-04-07T16:56:13.261Z] [WARN] Failed login attempt for user: JLQ001
[2025-04-07T20:34:05.529Z] [WARN] Failed login attempt for user: EJQ001
[2025-04-07T20:35:24.863Z] [WARN] Failed login attempt for user: WAC001
[2025-04-07T20:35:30.475Z] [WARN] Failed login attempt for user: WAC001
[2025-04-08T16:23:23.331Z] [WARN] Failed login attempt for user: EJQ001
[2025-04-10T16:31:49.018Z] [WARN] Failed login attempt for user: EJQ001
[2025-04-10T16:59:20.707Z] [WARN] Failed login attempt for user: EJQ001
[2025-04-11T16:21:16.328Z] [WARN] Failed login attempt for user: EJQ001
[2025-04-11T19:21:46.607Z] [WARN] Failed login attempt for user: EJQ001
[2025-04-14T16:39:38.855Z] [WARN] Failed login attempt for user: EJQ001
[2025-04-21T17:00:46.416Z] [WARN] Failed login attempt for user: EJQ001
[2025-04-24T22:52:45.786Z] [WARN] Failed login attempt for user: EJQ001
[2025-05-06T19:25:58.636Z] [WARN] Failed login attempt for user: EJQ001
[2025-05-08T15:04:12.493Z] [WARN] Failed login attempt for user: EJQ001
[2025-05-08T15:41:12.758Z] [WARN] Failed login attempt for user: EJQ001
[2025-05-08T16:05:44.386Z] [WARN] Failed login attempt for user: EJQ001
